TN:
SF:/Users/adrian/code/meanshop/mocha.conf.js
FNF:0
FNH:0
DA:4,1
DA:6,1
DA:9,1
DA:10,1
DA:11,1
DA:14,1
DA:17,1
DA:18,1
DA:19,1
LF:9
LH:9
BRF:0
BRH:0
end_of_record
TN:
SF:/Users/adrian/code/meanshop/server/api/product/index.js
FNF:0
FNH:0
DA:3,2
DA:4,2
DA:6,2
DA:8,2
DA:9,2
DA:10,2
DA:11,2
DA:12,2
DA:13,2
DA:15,2
LF:10
LH:10
BRF:0
BRH:0
end_of_record
TN:
SF:/Users/adrian/code/meanshop/server/api/product/product.controller.js
FN:15,handleError
FN:17,(anonymous_2)
FN:22,responseWithResult
FN:24,(anonymous_4)
FN:31,handleEntityNotFound
FN:32,(anonymous_6)
FN:41,saveUpdates
FN:42,(anonymous_8)
FN:44,(anonymous_9)
FN:50,removeEntity
FN:51,(anonymous_11)
FN:53,(anonymous_12)
FN:61,(anonymous_13)
FN:66,(anonymous_14)
FN:71,(anonymous_15)
FN:76,(anonymous_16)
FN:84,(anonymous_17)
FNF:17
FNH:0
FNDA:0,handleError
FNDA:0,(anonymous_2)
FNDA:0,responseWithResult
FNDA:0,(anonymous_4)
FNDA:0,handleEntityNotFound
FNDA:0,(anonymous_6)
FNDA:0,saveUpdates
FNDA:0,(anonymous_8)
FNDA:0,(anonymous_9)
FNDA:0,removeEntity
FNDA:0,(anonymous_11)
FNDA:0,(anonymous_12)
FNDA:0,(anonymous_13)
FNDA:0,(anonymous_14)
FNDA:0,(anonymous_15)
FNDA:0,(anonymous_16)
FNDA:0,(anonymous_17)
DA:12,1
DA:13,1
DA:15,1
DA:16,0
DA:17,0
DA:18,0
DA:22,1
DA:23,0
DA:24,0
DA:25,0
DA:26,0
DA:31,1
DA:32,0
DA:33,0
DA:34,0
DA:35,0
DA:37,0
DA:41,1
DA:42,0
DA:43,0
DA:44,0
DA:45,0
DA:50,1
DA:51,0
DA:52,0
DA:53,0
DA:54,0
DA:61,1
DA:62,0
DA:66,1
DA:67,0
DA:71,1
DA:72,0
DA:76,1
DA:77,0
DA:78,0
DA:80,0
DA:84,1
DA:85,0
LF:39
LH:12
BRDA:16,1,0,0
BRDA:16,1,1,0
BRDA:23,2,0,0
BRDA:23,2,1,0
BRDA:25,3,0,0
BRDA:25,3,1,0
BRDA:33,4,0,0
BRDA:33,4,1,0
BRDA:52,5,0,0
BRDA:52,5,1,0
BRDA:77,6,0,0
BRDA:77,6,1,0
BRF:12
BRH:0
end_of_record
TN:
SF:/Users/adrian/code/meanshop/server/api/product/product.model.js
FNF:0
FNH:0
DA:3,1
DA:4,1
DA:6,1
DA:13,1
LF:4
LH:4
BRF:0
BRH:0
end_of_record
TN:
SF:/Users/adrian/code/meanshop/server/api/thing/index.js
FNF:0
FNH:0
DA:3,2
DA:4,2
DA:6,2
DA:8,2
DA:9,2
DA:10,2
DA:11,2
DA:12,2
DA:13,2
DA:15,2
LF:10
LH:10
BRF:0
BRH:0
end_of_record
TN:
SF:/Users/adrian/code/meanshop/server/api/thing/thing.controller.js
FN:15,handleError
FN:17,(anonymous_2)
FN:22,responseWithResult
FN:24,(anonymous_4)
FN:31,handleEntityNotFound
FN:32,(anonymous_6)
FN:41,saveUpdates
FN:42,(anonymous_8)
FN:44,(anonymous_9)
FN:50,removeEntity
FN:51,(anonymous_11)
FN:53,(anonymous_12)
FN:61,(anonymous_13)
FN:66,(anonymous_14)
FN:71,(anonymous_15)
FN:76,(anonymous_16)
FN:84,(anonymous_17)
FNF:17
FNH:0
FNDA:0,handleError
FNDA:0,(anonymous_2)
FNDA:0,responseWithResult
FNDA:0,(anonymous_4)
FNDA:0,handleEntityNotFound
FNDA:0,(anonymous_6)
FNDA:0,saveUpdates
FNDA:0,(anonymous_8)
FNDA:0,(anonymous_9)
FNDA:0,removeEntity
FNDA:0,(anonymous_11)
FNDA:0,(anonymous_12)
FNDA:0,(anonymous_13)
FNDA:0,(anonymous_14)
FNDA:0,(anonymous_15)
FNDA:0,(anonymous_16)
FNDA:0,(anonymous_17)
DA:12,1
DA:13,1
DA:15,1
DA:16,0
DA:17,0
DA:18,0
DA:22,1
DA:23,0
DA:24,0
DA:25,0
DA:26,0
DA:31,1
DA:32,0
DA:33,0
DA:34,0
DA:35,0
DA:37,0
DA:41,1
DA:42,0
DA:43,0
DA:44,0
DA:45,0
DA:50,1
DA:51,0
DA:52,0
DA:53,0
DA:54,0
DA:61,1
DA:62,0
DA:66,1
DA:67,0
DA:71,1
DA:72,0
DA:76,1
DA:77,0
DA:78,0
DA:80,0
DA:84,1
DA:85,0
LF:39
LH:12
BRDA:16,1,0,0
BRDA:16,1,1,0
BRDA:23,2,0,0
BRDA:23,2,1,0
BRDA:25,3,0,0
BRDA:25,3,1,0
BRDA:33,4,0,0
BRDA:33,4,1,0
BRDA:52,5,0,0
BRDA:52,5,1,0
BRDA:77,6,0,0
BRDA:77,6,1,0
BRF:12
BRH:0
end_of_record
TN:
SF:/Users/adrian/code/meanshop/server/api/thing/thing.model.js
FNF:0
FNH:0
DA:3,1
DA:4,1
DA:6,1
DA:12,1
LF:4
LH:4
BRF:0
BRH:0
end_of_record
TN:
SF:/Users/adrian/code/meanshop/server/api/user/index.js
FNF:0
FNH:0
DA:3,2
DA:4,2
DA:5,2
DA:7,2
DA:9,2
DA:10,2
DA:11,2
DA:12,2
DA:13,2
DA:14,2
DA:16,2
LF:11
LH:11
BRF:0
BRH:0
end_of_record
TN:
SF:/Users/adrian/code/meanshop/server/api/user/user.controller.js
FN:8,validationError
FN:10,(anonymous_2)
FN:15,handleError
FN:17,(anonymous_4)
FN:22,respondWith
FN:24,(anonymous_6)
FN:33,(anonymous_7)
FN:34,(anonymous_8)
FN:42,(anonymous_9)
FN:46,(anonymous_10)
FN:57,(anonymous_11)
FN:60,(anonymous_12)
FN:65,(anonymous_13)
FN:74,(anonymous_14)
FN:75,(anonymous_15)
FN:83,(anonymous_16)
FN:88,(anonymous_17)
FN:91,(anonymous_18)
FN:103,(anonymous_19)
FN:106,(anonymous_20)
FN:112,(anonymous_21)
FN:120,(anonymous_22)
FNF:22
FNH:0
FNDA:0,validationError
FNDA:0,(anonymous_2)
FNDA:0,handleError
FNDA:0,(anonymous_4)
FNDA:0,respondWith
FNDA:0,(anonymous_6)
FNDA:0,(anonymous_7)
FNDA:0,(anonymous_8)
FNDA:0,(anonymous_9)
FNDA:0,(anonymous_10)
FNDA:0,(anonymous_11)
FNDA:0,(anonymous_12)
FNDA:0,(anonymous_13)
FNDA:0,(anonymous_14)
FNDA:0,(anonymous_15)
FNDA:0,(anonymous_16)
FNDA:0,(anonymous_17)
FNDA:0,(anonymous_18)
FNDA:0,(anonymous_19)
FNDA:0,(anonymous_20)
FNDA:0,(anonymous_21)
FNDA:0,(anonymous_22)
DA:3,1
DA:4,1
DA:5,1
DA:6,1
DA:8,1
DA:9,0
DA:10,0
DA:11,0
DA:15,1
DA:16,0
DA:17,0
DA:18,0
DA:22,1
DA:23,0
DA:24,0
DA:25,0
DA:33,1
DA:34,0
DA:35,0
DA:42,1
DA:43,0
DA:44,0
DA:45,0
DA:46,0
DA:47,0
DA:50,0
DA:57,1
DA:58,0
DA:60,0
DA:61,0
DA:62,0
DA:64,0
DA:66,0
DA:74,1
DA:75,0
DA:76,0
DA:83,1
DA:84,0
DA:85,0
DA:86,0
DA:88,0
DA:89,0
DA:90,0
DA:91,0
DA:92,0
DA:95,0
DA:103,1
DA:104,0
DA:106,0
DA:108,0
DA:109,0
DA:111,0
DA:113,0
DA:120,1
DA:121,0
LF:55
LH:14
BRDA:9,1,0,0
BRDA:9,1,1,0
BRDA:16,2,0,0
BRDA:16,2,1,0
BRDA:23,3,0,0
BRDA:23,3,1,0
BRDA:61,4,0,0
BRDA:61,4,1,0
BRDA:89,5,0,0
BRDA:89,5,1,0
BRDA:108,6,0,0
BRDA:108,6,1,0
BRF:12
BRH:0
end_of_record
TN:
SF:/Users/adrian/code/meanshop/server/api/user/user.model.js
FN:32,(anonymous_1)
FN:40,(anonymous_2)
FN:52,(anonymous_3)
FN:60,(anonymous_4)
FN:68,(anonymous_5)
FN:70,(anonymous_6)
FN:78,(anonymous_7)
FN:83,validatePresenceOf
FN:90,(anonymous_9)
FN:99,(anonymous_10)
FN:104,(anonymous_11)
FN:129,authenticate
FN:135,(anonymous_13)
FN:156,makeSalt
FN:174,(anonymous_15)
FN:190,encryptPassword
FN:203,(anonymous_17)
FNF:17
FNH:13
FNDA:0,(anonymous_1)
FNDA:0,(anonymous_2)
FNDA:6,(anonymous_3)
FNDA:6,(anonymous_4)
FNDA:5,(anonymous_5)
FNDA:5,(anonymous_6)
FNDA:0,(anonymous_7)
FNDA:4,validatePresenceOf
FNDA:5,(anonymous_9)
FNDA:4,(anonymous_10)
FNDA:4,(anonymous_11)
FNDA:3,authenticate
FNDA:0,(anonymous_13)
FNDA:4,makeSalt
FNDA:4,(anonymous_15)
FNDA:7,encryptPassword
FNDA:4,(anonymous_17)
DA:3,1
DA:4,1
DA:5,1
DA:6,1
DA:8,1
DA:32,1
DA:33,0
DA:40,1
DA:41,0
DA:52,1
DA:53,6
DA:54,0
DA:56,6
DA:60,1
DA:61,6
DA:62,0
DA:64,6
DA:68,1
DA:69,5
DA:70,5
DA:71,5
DA:72,1
DA:73,0
DA:75,1
DA:77,4
DA:79,0
DA:83,1
DA:84,4
DA:90,1
DA:92,5
DA:93,4
DA:94,0
DA:98,4
DA:99,4
DA:100,4
DA:101,0
DA:103,4
DA:104,4
DA:105,4
DA:106,0
DA:108,4
DA:109,4
DA:113,1
DA:120,1
DA:130,3
DA:131,3
DA:134,0
DA:135,0
DA:136,0
DA:137,0
DA:140,0
DA:141,0
DA:143,0
DA:157,4
DA:159,4
DA:160,4
DA:161,4
DA:162,0
DA:163,0
DA:166,4
DA:167,0
DA:170,4
DA:171,0
DA:174,4
DA:175,4
DA:176,0
DA:178,4
DA:191,7
DA:192,0
DA:195,7
DA:196,7
DA:197,7
DA:199,7
DA:200,3
DA:203,4
DA:204,4
DA:205,0
DA:207,4
DA:212,1
LF:79
LH:56
BRDA:53,1,0,0
BRDA:53,1,1,6
BRDA:61,2,0,0
BRDA:61,2,1,6
BRDA:71,3,0,1
BRDA:71,3,1,4
BRDA:72,4,0,0
BRDA:72,4,1,1
BRDA:84,5,0,4
BRDA:84,5,1,4
BRDA:92,6,0,4
BRDA:92,6,1,1
BRDA:93,7,0,0
BRDA:93,7,1,4
BRDA:93,8,0,4
BRDA:93,8,1,0
BRDA:100,9,0,0
BRDA:100,9,1,4
BRDA:105,10,0,0
BRDA:105,10,1,4
BRDA:130,11,0,3
BRDA:130,11,1,0
BRDA:136,12,0,0
BRDA:136,12,1,0
BRDA:140,13,0,0
BRDA:140,13,1,0
BRDA:159,14,0,4
BRDA:159,14,1,0
BRDA:162,15,0,0
BRDA:162,15,1,0
BRDA:166,16,0,0
BRDA:166,16,1,4
BRDA:170,17,0,0
BRDA:170,17,1,4
BRDA:175,18,0,0
BRDA:175,18,1,4
BRDA:191,19,0,0
BRDA:191,19,1,7
BRDA:191,20,0,7
BRDA:191,20,1,7
BRDA:199,21,0,3
BRDA:199,21,1,4
BRDA:204,22,0,0
BRDA:204,22,1,4
BRF:44
BRH:24
end_of_record
TN:
SF:/Users/adrian/code/meanshop/server/config/environment/index.js
FN:6,requiredProcessEnv
FNF:1
FNH:0
FNDA:0,requiredProcessEnv
DA:3,1
DA:4,1
DA:6,1
DA:7,0
DA:8,0
DA:10,0
DA:15,1
DA:68,1
LF:8
LH:5
BRDA:7,1,0,0
BRDA:7,1,1,0
BRDA:22,2,0,1
BRDA:22,2,1,1
BRDA:25,3,0,1
BRDA:25,3,1,1
BRDA:48,4,0,1
BRDA:48,4,1,0
BRDA:49,5,0,1
BRDA:49,5,1,0
BRDA:50,6,0,1
BRDA:50,6,1,0
BRDA:54,7,0,1
BRDA:54,7,1,0
BRDA:55,8,0,1
BRDA:55,8,1,0
BRDA:56,9,0,1
BRDA:56,9,1,0
BRDA:60,10,0,1
BRDA:60,10,1,0
BRDA:61,11,0,1
BRDA:61,11,1,0
BRDA:62,12,0,1
BRDA:62,12,1,0
BRDA:68,13,0,1
BRDA:68,13,1,0
BRF:26
BRH:14
end_of_record
TN:
SF:/Users/adrian/code/meanshop/server/config/environment/test.js
FNF:0
FNH:0
DA:5,1
LF:1
LH:1
BRF:0
BRH:0
end_of_record
TN:
SF:/Users/adrian/code/meanshop/server/auth/auth.service.js
FN:17,isAuthenticated
FN:20,(anonymous_2)
FN:28,(anonymous_3)
FN:29,(anonymous_4)
FN:35,(anonymous_5)
FN:44,hasRole
FN:49,meetsRequirements
FN:61,signToken
FN:70,setTokenCookie
FNF:9
FNH:2
FNDA:5,isAuthenticated
FNDA:0,(anonymous_2)
FNDA:0,(anonymous_3)
FNDA:0,(anonymous_4)
FNDA:0,(anonymous_5)
FNDA:2,hasRole
FNDA:0,meetsRequirements
FNDA:0,signToken
FNDA:0,setTokenCookie
DA:3,1
DA:4,1
DA:5,1
DA:6,1
DA:7,1
DA:8,1
DA:9,1
DA:17,1
DA:18,5
DA:22,0
DA:23,0
DA:25,0
DA:29,0
DA:30,0
DA:31,0
DA:33,0
DA:34,0
DA:36,0
DA:44,1
DA:45,2
DA:46,0
DA:49,2
DA:50,0
DA:51,0
DA:53,0
DA:61,1
DA:62,0
DA:70,1
DA:71,0
DA:72,0
DA:74,0
DA:75,0
DA:76,0
DA:79,1
DA:80,1
DA:81,1
DA:82,1
LF:37
LH:18
BRDA:22,1,0,0
BRDA:22,1,1,0
BRDA:22,2,0,0
BRDA:22,2,1,0
BRDA:30,3,0,0
BRDA:30,3,1,0
BRDA:45,4,0,0
BRDA:45,4,1,2
BRDA:50,5,0,0
BRDA:50,5,1,0
BRDA:71,6,0,0
BRDA:71,6,1,0
BRF:12
BRH:1
end_of_record
TN:
SF:/Users/adrian/code/meanshop/server/app.js
FN:16,(anonymous_1)
FN:38,startServer
FN:39,(anonymous_3)
FNF:3
FNH:2
FNDA:0,(anonymous_1)
FNDA:1,startServer
FNDA:1,(anonymous_3)
DA:8,1
DA:10,1
DA:11,1
DA:12,1
DA:15,1
DA:16,1
DA:17,0
DA:18,0
DA:22,1
DA:23,0
DA:27,1
DA:28,1
DA:29,1
DA:33,1
DA:34,1
DA:35,1
DA:38,1
DA:39,1
DA:40,1
DA:44,1
DA:47,1
LF:21
LH:18
BRDA:8,1,0,1
BRDA:8,1,1,0
BRDA:22,2,0,0
BRDA:22,2,1,1
BRF:4
BRH:2
end_of_record
TN:
SF:/Users/adrian/code/meanshop/server/config/socketio.js
FN:10,onDisconnect
FN:13,onConnect
FN:15,(anonymous_3)
FN:24,(anonymous_4)
FN:40,(anonymous_5)
FN:46,(anonymous_6)
FNF:6
FNH:1
FNDA:0,onDisconnect
FNDA:0,onConnect
FNDA:0,(anonymous_3)
FNDA:1,(anonymous_4)
FNDA:0,(anonymous_5)
FNDA:0,(anonymous_6)
DA:7,1
DA:10,1
DA:13,1
DA:15,0
DA:16,0
DA:20,0
DA:21,0
DA:24,1
DA:40,1
DA:41,0
DA:43,0
DA:46,0
DA:47,0
DA:48,0
DA:52,0
DA:53,0
LF:16
LH:5
BRF:0
BRH:0
end_of_record
TN:
SF:/Users/adrian/code/meanshop/server/config/express.js
FN:22,(anonymous_1)
FNF:1
FNH:1
FNDA:1,(anonymous_1)
DA:7,1
DA:8,1
DA:9,1
DA:10,1
DA:11,1
DA:12,1
DA:13,1
DA:14,1
DA:15,1
DA:16,1
DA:17,1
DA:18,1
DA:19,1
DA:20,1
DA:22,1
DA:23,1
DA:25,1
DA:26,1
DA:27,1
DA:28,1
DA:29,1
DA:30,1
DA:31,1
DA:32,1
DA:33,1
DA:37,1
DA:47,1
DA:49,1
DA:50,0
DA:51,0
DA:52,0
DA:55,1
DA:56,1
DA:57,1
DA:58,1
DA:59,1
DA:60,1
LF:37
LH:34
BRDA:49,1,0,0
BRDA:49,1,1,1
BRDA:55,2,0,1
BRDA:55,2,1,0
BRDA:55,3,0,1
BRDA:55,3,1,1
BRF:6
BRH:4
end_of_record
TN:
SF:/Users/adrian/code/meanshop/server/routes.js
FN:10,(anonymous_1)
FN:23,(anonymous_2)
FNF:2
FNH:1
FNDA:1,(anonymous_1)
FNDA:0,(anonymous_2)
DA:7,1
DA:8,1
DA:10,1
DA:13,1
DA:14,1
DA:15,1
DA:17,1
DA:20,1
DA:23,1
DA:24,0
LF:10
LH:9
BRF:0
BRH:0
end_of_record
TN:
SF:/Users/adrian/code/meanshop/server/components/errors/index.js
FN:7,pageNotFound
FN:15,(anonymous_2)
FNF:2
FNH:0
FNDA:0,pageNotFound
FNDA:0,(anonymous_2)
DA:7,1
DA:8,0
DA:9,0
DA:10,0
DA:14,0
DA:15,0
DA:16,0
DA:17,0
DA:20,0
LF:9
LH:1
BRDA:16,1,0,0
BRDA:16,1,1,0
BRF:2
BRH:0
end_of_record
TN:
SF:/Users/adrian/code/meanshop/server/auth/index.js
FNF:0
FNH:0
DA:3,1
DA:4,1
DA:5,1
DA:6,1
DA:9,1
DA:10,1
DA:11,1
DA:12,1
DA:14,1
DA:16,1
DA:17,1
DA:18,1
DA:19,1
DA:21,1
LF:14
LH:14
BRF:0
BRH:0
end_of_record
TN:
SF:/Users/adrian/code/meanshop/server/auth/local/passport.js
FN:6,localAuthenticate
FN:9,(anonymous_2)
FN:15,(anonymous_3)
FN:27,(anonymous_4)
FN:32,(anonymous_5)
FN:36,(anonymous_6)
FNF:6
FNH:1
FNDA:0,localAuthenticate
FNDA:0,(anonymous_2)
FNDA:0,(anonymous_3)
FNDA:0,(anonymous_4)
FNDA:1,(anonymous_5)
FNDA:0,(anonymous_6)
DA:3,1
DA:4,1
DA:6,1
DA:7,0
DA:10,0
DA:11,0
DA:15,0
DA:16,0
DA:17,0
DA:19,0
DA:20,0
DA:24,0
DA:28,0
DA:32,1
DA:33,1
DA:37,0
LF:16
LH:5
BRDA:10,1,0,0
BRDA:10,1,1,0
BRDA:16,2,0,0
BRDA:16,2,1,0
BRDA:19,3,0,0
BRDA:19,3,1,0
BRF:6
BRH:0
end_of_record
TN:
SF:/Users/adrian/code/meanshop/server/auth/facebook/passport.js
FN:6,(anonymous_1)
FN:12,(anonymous_2)
FN:15,(anonymous_3)
FN:24,(anonymous_4)
FN:26,(anonymous_5)
FN:32,(anonymous_6)
FNF:6
FNH:1
FNDA:1,(anonymous_1)
FNDA:0,(anonymous_2)
FNDA:0,(anonymous_3)
FNDA:0,(anonymous_4)
FNDA:0,(anonymous_5)
FNDA:0,(anonymous_6)
DA:3,1
DA:4,1
DA:6,1
DA:7,1
DA:13,0
DA:16,0
DA:17,0
DA:24,0
DA:25,0
DA:27,0
DA:30,0
DA:33,0
LF:12
LH:4
BRDA:16,1,0,0
BRDA:16,1,1,0
BRF:2
BRH:0
end_of_record
TN:
SF:/Users/adrian/code/meanshop/server/auth/google/passport.js
FN:6,(anonymous_1)
FN:11,(anonymous_2)
FN:14,(anonymous_3)
FN:24,(anonymous_4)
FN:26,(anonymous_5)
FN:32,(anonymous_6)
FNF:6
FNH:1
FNDA:1,(anonymous_1)
FNDA:0,(anonymous_2)
FNDA:0,(anonymous_3)
FNDA:0,(anonymous_4)
FNDA:0,(anonymous_5)
FNDA:0,(anonymous_6)
DA:3,1
DA:4,1
DA:6,1
DA:7,1
DA:12,0
DA:15,0
DA:16,0
DA:24,0
DA:25,0
DA:27,0
DA:30,0
DA:33,0
LF:12
LH:4
BRDA:15,1,0,0
BRDA:15,1,1,0
BRF:2
BRH:0
end_of_record
TN:
SF:/Users/adrian/code/meanshop/server/auth/twitter/passport.js
FN:3,(anonymous_1)
FN:11,(anonymous_2)
FN:14,(anonymous_3)
FN:23,(anonymous_4)
FN:25,(anonymous_5)
FN:31,(anonymous_6)
FNF:6
FNH:1
FNDA:1,(anonymous_1)
FNDA:0,(anonymous_2)
FNDA:0,(anonymous_3)
FNDA:0,(anonymous_4)
FNDA:0,(anonymous_5)
FNDA:0,(anonymous_6)
DA:3,1
DA:4,1
DA:5,1
DA:7,1
DA:12,0
DA:15,0
DA:16,0
DA:23,0
DA:24,0
DA:26,0
DA:29,0
DA:32,0
LF:12
LH:4
BRDA:15,1,0,0
BRDA:15,1,1,0
BRF:2
BRH:0
end_of_record
TN:
SF:/Users/adrian/code/meanshop/server/auth/local/index.js
FN:9,(anonymous_1)
FN:10,(anonymous_2)
FNF:2
FNH:0
FNDA:0,(anonymous_1)
FNDA:0,(anonymous_2)
DA:3,1
DA:4,1
DA:5,1
DA:7,1
DA:9,1
DA:10,0
DA:11,0
DA:12,0
DA:13,0
DA:15,0
DA:16,0
DA:19,0
DA:20,0
DA:24,1
LF:14
LH:6
BRDA:11,1,0,0
BRDA:11,1,1,0
BRDA:12,2,0,0
BRDA:12,2,1,0
BRDA:15,3,0,0
BRDA:15,3,1,0
BRF:6
BRH:0
end_of_record
TN:
SF:/Users/adrian/code/meanshop/server/auth/facebook/index.js
FNF:0
FNH:0
DA:3,1
DA:4,1
DA:5,1
DA:7,1
DA:9,1
DA:18,1
LF:6
LH:6
BRF:0
BRH:0
end_of_record
TN:
SF:/Users/adrian/code/meanshop/server/auth/twitter/index.js
FNF:0
FNH:0
DA:3,1
DA:4,1
DA:5,1
DA:7,1
DA:9,1
DA:17,1
LF:6
LH:6
BRF:0
BRH:0
end_of_record
TN:
SF:/Users/adrian/code/meanshop/server/auth/google/index.js
FNF:0
FNH:0
DA:3,1
DA:4,1
DA:5,1
DA:7,1
DA:9,1
DA:18,1
LF:6
LH:6
BRF:0
BRH:0
end_of_record
