{"/Users/adrian/code/meanshop/mocha.conf.js":{"path":"/Users/adrian/code/meanshop/mocha.conf.js","s":{"1":1,"2":1,"3":1,"4":1,"5":1,"6":1,"7":1,"8":1,"9":1},"b":{},"f":{},"fnMap":{},"statementMap":{"1":{"start":{"line":4,"column":0},"end":{"line":4,"column":31}},"2":{"start":{"line":6,"column":0},"end":{"line":6,"column":27}},"3":{"start":{"line":9,"column":0},"end":{"line":9,"column":28}},"4":{"start":{"line":10,"column":0},"end":{"line":10,"column":28}},"5":{"start":{"line":11,"column":0},"end":{"line":11,"column":14}},"6":{"start":{"line":14,"column":0},"end":{"line":14,"column":32}},"7":{"start":{"line":17,"column":0},"end":{"line":17,"column":32}},"8":{"start":{"line":18,"column":0},"end":{"line":18,"column":38}},"9":{"start":{"line":19,"column":0},"end":{"line":19,"column":32}}},"branchMap":{}},"/Users/adrian/code/meanshop/server/api/product/index.js":{"path":"/Users/adrian/code/meanshop/server/api/product/index.js","s":{"1":2,"2":2,"3":2,"4":2,"5":2,"6":2,"7":2,"8":2,"9":2,"10":2},"b":{},"f":{},"fnMap":{},"statementMap":{"1":{"start":{"line":3,"column":0},"end":{"line":3,"column":33}},"2":{"start":{"line":4,"column":0},"end":{"line":4,"column":49}},"3":{"start":{"line":6,"column":0},"end":{"line":6,"column":30}},"4":{"start":{"line":8,"column":0},"end":{"line":8,"column":34}},"5":{"start":{"line":9,"column":0},"end":{"line":9,"column":36}},"6":{"start":{"line":10,"column":0},"end":{"line":10,"column":36}},"7":{"start":{"line":11,"column":0},"end":{"line":11,"column":38}},"8":{"start":{"line":12,"column":0},"end":{"line":12,"column":40}},"9":{"start":{"line":13,"column":0},"end":{"line":13,"column":45}},"10":{"start":{"line":15,"column":0},"end":{"line":15,"column":24}}},"branchMap":{}},"/Users/adrian/code/meanshop/server/api/product/product.controller.js":{"path":"/Users/adrian/code/meanshop/server/api/product/product.controller.js","s":{"1":1,"2":1,"3":1,"4":0,"5":0,"6":0,"7":1,"8":0,"9":0,"10":0,"11":0,"12":1,"13":0,"14":0,"15":0,"16":0,"17":0,"18":1,"19":0,"20":0,"21":0,"22":0,"23":1,"24":0,"25":0,"26":0,"27":0,"28":1,"29":0,"30":1,"31":0,"32":1,"33":0,"34":1,"35":0,"36":0,"37":0,"38":1,"39":0},"b":{"1":[0,0],"2":[0,0],"3":[0,0],"4":[0,0],"5":[0,0],"6":[0,0]},"f":{"1":0,"2":0,"3":0,"4":0,"5":0,"6":0,"7":0,"8":0,"9":0,"10":0,"11":0,"12":0,"13":0,"14":0,"15":0,"16":0,"17":0},"fnMap":{"1":{"name":"handleError","line":15,"loc":{"start":{"line":15,"column":0},"end":{"line":15,"column":38}}},"2":{"name":"(anonymous_2)","line":17,"loc":{"start":{"line":17,"column":9},"end":{"line":17,"column":24}}},"3":{"name":"responseWithResult","line":22,"loc":{"start":{"line":22,"column":0},"end":{"line":22,"column":45}}},"4":{"name":"(anonymous_4)","line":24,"loc":{"start":{"line":24,"column":9},"end":{"line":24,"column":27}}},"5":{"name":"handleEntityNotFound","line":31,"loc":{"start":{"line":31,"column":0},"end":{"line":31,"column":35}}},"6":{"name":"(anonymous_6)","line":32,"loc":{"start":{"line":32,"column":9},"end":{"line":32,"column":27}}},"7":{"name":"saveUpdates","line":41,"loc":{"start":{"line":41,"column":0},"end":{"line":41,"column":30}}},"8":{"name":"(anonymous_8)","line":42,"loc":{"start":{"line":42,"column":9},"end":{"line":42,"column":27}}},"9":{"name":"(anonymous_9)","line":44,"loc":{"start":{"line":44,"column":38},"end":{"line":44,"column":57}}},"10":{"name":"removeEntity","line":50,"loc":{"start":{"line":50,"column":0},"end":{"line":50,"column":27}}},"11":{"name":"(anonymous_11)","line":51,"loc":{"start":{"line":51,"column":9},"end":{"line":51,"column":27}}},"12":{"name":"(anonymous_12)","line":53,"loc":{"start":{"line":53,"column":39},"end":{"line":53,"column":51}}},"13":{"name":"(anonymous_13)","line":61,"loc":{"start":{"line":61,"column":16},"end":{"line":61,"column":36}}},"14":{"name":"(anonymous_14)","line":66,"loc":{"start":{"line":66,"column":15},"end":{"line":66,"column":35}}},"15":{"name":"(anonymous_15)","line":71,"loc":{"start":{"line":71,"column":17},"end":{"line":71,"column":37}}},"16":{"name":"(anonymous_16)","line":76,"loc":{"start":{"line":76,"column":17},"end":{"line":76,"column":37}}},"17":{"name":"(anonymous_17)","line":84,"loc":{"start":{"line":84,"column":18},"end":{"line":84,"column":38}}}},"statementMap":{"1":{"start":{"line":12,"column":0},"end":{"line":12,"column":26}},"2":{"start":{"line":13,"column":0},"end":{"line":13,"column":41}},"3":{"start":{"line":15,"column":0},"end":{"line":20,"column":1}},"4":{"start":{"line":16,"column":2},"end":{"line":16,"column":33}},"5":{"start":{"line":17,"column":2},"end":{"line":19,"column":4}},"6":{"start":{"line":18,"column":4},"end":{"line":18,"column":37}},"7":{"start":{"line":22,"column":0},"end":{"line":29,"column":1}},"8":{"start":{"line":23,"column":2},"end":{"line":23,"column":33}},"9":{"start":{"line":24,"column":2},"end":{"line":28,"column":4}},"10":{"start":{"line":25,"column":4},"end":{"line":27,"column":5}},"11":{"start":{"line":26,"column":6},"end":{"line":26,"column":42}},"12":{"start":{"line":31,"column":0},"end":{"line":39,"column":1}},"13":{"start":{"line":32,"column":2},"end":{"line":38,"column":4}},"14":{"start":{"line":33,"column":4},"end":{"line":36,"column":5}},"15":{"start":{"line":34,"column":6},"end":{"line":34,"column":28}},"16":{"start":{"line":35,"column":6},"end":{"line":35,"column":18}},"17":{"start":{"line":37,"column":4},"end":{"line":37,"column":18}},"18":{"start":{"line":41,"column":0},"end":{"line":48,"column":1}},"19":{"start":{"line":42,"column":2},"end":{"line":47,"column":4}},"20":{"start":{"line":43,"column":4},"end":{"line":43,"column":43}},"21":{"start":{"line":44,"column":4},"end":{"line":46,"column":7}},"22":{"start":{"line":45,"column":6},"end":{"line":45,"column":21}},"23":{"start":{"line":50,"column":0},"end":{"line":58,"column":1}},"24":{"start":{"line":51,"column":2},"end":{"line":57,"column":4}},"25":{"start":{"line":52,"column":4},"end":{"line":56,"column":5}},"26":{"start":{"line":53,"column":6},"end":{"line":55,"column":9}},"27":{"start":{"line":54,"column":8},"end":{"line":54,"column":30}},"28":{"start":{"line":61,"column":0},"end":{"line":63,"column":2}},"29":{"start":{"line":62,"column":2},"end":{"line":62,"column":79}},"30":{"start":{"line":66,"column":0},"end":{"line":68,"column":2}},"31":{"start":{"line":67,"column":2},"end":{"line":67,"column":128}},"32":{"start":{"line":71,"column":0},"end":{"line":73,"column":2}},"33":{"start":{"line":72,"column":2},"end":{"line":72,"column":94}},"34":{"start":{"line":76,"column":0},"end":{"line":81,"column":2}},"35":{"start":{"line":77,"column":2},"end":{"line":79,"column":3}},"36":{"start":{"line":78,"column":4},"end":{"line":78,"column":24}},"37":{"start":{"line":80,"column":2},"end":{"line":80,"column":156}},"38":{"start":{"line":84,"column":0},"end":{"line":86,"column":2}},"39":{"start":{"line":85,"column":2},"end":{"line":85,"column":122}}},"branchMap":{"1":{"line":16,"type":"binary-expr","locations":[{"start":{"line":16,"column":15},"end":{"line":16,"column":25}},{"start":{"line":16,"column":29},"end":{"line":16,"column":32}}]},"2":{"line":23,"type":"binary-expr","locations":[{"start":{"line":23,"column":15},"end":{"line":23,"column":25}},{"start":{"line":23,"column":29},"end":{"line":23,"column":32}}]},"3":{"line":25,"type":"if","locations":[{"start":{"line":25,"column":4},"end":{"line":25,"column":4}},{"start":{"line":25,"column":4},"end":{"line":25,"column":4}}]},"4":{"line":33,"type":"if","locations":[{"start":{"line":33,"column":4},"end":{"line":33,"column":4}},{"start":{"line":33,"column":4},"end":{"line":33,"column":4}}]},"5":{"line":52,"type":"if","locations":[{"start":{"line":52,"column":4},"end":{"line":52,"column":4}},{"start":{"line":52,"column":4},"end":{"line":52,"column":4}}]},"6":{"line":77,"type":"if","locations":[{"start":{"line":77,"column":2},"end":{"line":77,"column":2}},{"start":{"line":77,"column":2},"end":{"line":77,"column":2}}]}}},"/Users/adrian/code/meanshop/server/api/product/product.model.js":{"path":"/Users/adrian/code/meanshop/server/api/product/product.model.js","s":{"1":1,"2":1,"3":1,"4":1},"b":{},"f":{},"fnMap":{},"statementMap":{"1":{"start":{"line":3,"column":0},"end":{"line":3,"column":69}},"2":{"start":{"line":4,"column":0},"end":{"line":4,"column":29}},"3":{"start":{"line":6,"column":0},"end":{"line":11,"column":3}},"4":{"start":{"line":13,"column":0},"end":{"line":13,"column":58}}},"branchMap":{}},"/Users/adrian/code/meanshop/server/api/thing/index.js":{"path":"/Users/adrian/code/meanshop/server/api/thing/index.js","s":{"1":2,"2":2,"3":2,"4":2,"5":2,"6":2,"7":2,"8":2,"9":2,"10":2},"b":{},"f":{},"fnMap":{},"statementMap":{"1":{"start":{"line":3,"column":0},"end":{"line":3,"column":33}},"2":{"start":{"line":4,"column":0},"end":{"line":4,"column":47}},"3":{"start":{"line":6,"column":0},"end":{"line":6,"column":30}},"4":{"start":{"line":8,"column":0},"end":{"line":8,"column":34}},"5":{"start":{"line":9,"column":0},"end":{"line":9,"column":36}},"6":{"start":{"line":10,"column":0},"end":{"line":10,"column":36}},"7":{"start":{"line":11,"column":0},"end":{"line":11,"column":38}},"8":{"start":{"line":12,"column":0},"end":{"line":12,"column":40}},"9":{"start":{"line":13,"column":0},"end":{"line":13,"column":45}},"10":{"start":{"line":15,"column":0},"end":{"line":15,"column":24}}},"branchMap":{}},"/Users/adrian/code/meanshop/server/api/thing/thing.controller.js":{"path":"/Users/adrian/code/meanshop/server/api/thing/thing.controller.js","s":{"1":1,"2":1,"3":1,"4":0,"5":0,"6":0,"7":1,"8":0,"9":0,"10":0,"11":0,"12":1,"13":0,"14":0,"15":0,"16":0,"17":0,"18":1,"19":0,"20":0,"21":0,"22":0,"23":1,"24":0,"25":0,"26":0,"27":0,"28":1,"29":0,"30":1,"31":0,"32":1,"33":0,"34":1,"35":0,"36":0,"37":0,"38":1,"39":0},"b":{"1":[0,0],"2":[0,0],"3":[0,0],"4":[0,0],"5":[0,0],"6":[0,0]},"f":{"1":0,"2":0,"3":0,"4":0,"5":0,"6":0,"7":0,"8":0,"9":0,"10":0,"11":0,"12":0,"13":0,"14":0,"15":0,"16":0,"17":0},"fnMap":{"1":{"name":"handleError","line":15,"loc":{"start":{"line":15,"column":0},"end":{"line":15,"column":38}}},"2":{"name":"(anonymous_2)","line":17,"loc":{"start":{"line":17,"column":9},"end":{"line":17,"column":24}}},"3":{"name":"responseWithResult","line":22,"loc":{"start":{"line":22,"column":0},"end":{"line":22,"column":45}}},"4":{"name":"(anonymous_4)","line":24,"loc":{"start":{"line":24,"column":9},"end":{"line":24,"column":27}}},"5":{"name":"handleEntityNotFound","line":31,"loc":{"start":{"line":31,"column":0},"end":{"line":31,"column":35}}},"6":{"name":"(anonymous_6)","line":32,"loc":{"start":{"line":32,"column":9},"end":{"line":32,"column":27}}},"7":{"name":"saveUpdates","line":41,"loc":{"start":{"line":41,"column":0},"end":{"line":41,"column":30}}},"8":{"name":"(anonymous_8)","line":42,"loc":{"start":{"line":42,"column":9},"end":{"line":42,"column":27}}},"9":{"name":"(anonymous_9)","line":44,"loc":{"start":{"line":44,"column":38},"end":{"line":44,"column":57}}},"10":{"name":"removeEntity","line":50,"loc":{"start":{"line":50,"column":0},"end":{"line":50,"column":27}}},"11":{"name":"(anonymous_11)","line":51,"loc":{"start":{"line":51,"column":9},"end":{"line":51,"column":27}}},"12":{"name":"(anonymous_12)","line":53,"loc":{"start":{"line":53,"column":39},"end":{"line":53,"column":51}}},"13":{"name":"(anonymous_13)","line":61,"loc":{"start":{"line":61,"column":16},"end":{"line":61,"column":36}}},"14":{"name":"(anonymous_14)","line":66,"loc":{"start":{"line":66,"column":15},"end":{"line":66,"column":35}}},"15":{"name":"(anonymous_15)","line":71,"loc":{"start":{"line":71,"column":17},"end":{"line":71,"column":37}}},"16":{"name":"(anonymous_16)","line":76,"loc":{"start":{"line":76,"column":17},"end":{"line":76,"column":37}}},"17":{"name":"(anonymous_17)","line":84,"loc":{"start":{"line":84,"column":18},"end":{"line":84,"column":38}}}},"statementMap":{"1":{"start":{"line":12,"column":0},"end":{"line":12,"column":26}},"2":{"start":{"line":13,"column":0},"end":{"line":13,"column":37}},"3":{"start":{"line":15,"column":0},"end":{"line":20,"column":1}},"4":{"start":{"line":16,"column":2},"end":{"line":16,"column":33}},"5":{"start":{"line":17,"column":2},"end":{"line":19,"column":4}},"6":{"start":{"line":18,"column":4},"end":{"line":18,"column":37}},"7":{"start":{"line":22,"column":0},"end":{"line":29,"column":1}},"8":{"start":{"line":23,"column":2},"end":{"line":23,"column":33}},"9":{"start":{"line":24,"column":2},"end":{"line":28,"column":4}},"10":{"start":{"line":25,"column":4},"end":{"line":27,"column":5}},"11":{"start":{"line":26,"column":6},"end":{"line":26,"column":42}},"12":{"start":{"line":31,"column":0},"end":{"line":39,"column":1}},"13":{"start":{"line":32,"column":2},"end":{"line":38,"column":4}},"14":{"start":{"line":33,"column":4},"end":{"line":36,"column":5}},"15":{"start":{"line":34,"column":6},"end":{"line":34,"column":28}},"16":{"start":{"line":35,"column":6},"end":{"line":35,"column":18}},"17":{"start":{"line":37,"column":4},"end":{"line":37,"column":18}},"18":{"start":{"line":41,"column":0},"end":{"line":48,"column":1}},"19":{"start":{"line":42,"column":2},"end":{"line":47,"column":4}},"20":{"start":{"line":43,"column":4},"end":{"line":43,"column":43}},"21":{"start":{"line":44,"column":4},"end":{"line":46,"column":7}},"22":{"start":{"line":45,"column":6},"end":{"line":45,"column":21}},"23":{"start":{"line":50,"column":0},"end":{"line":58,"column":1}},"24":{"start":{"line":51,"column":2},"end":{"line":57,"column":4}},"25":{"start":{"line":52,"column":4},"end":{"line":56,"column":5}},"26":{"start":{"line":53,"column":6},"end":{"line":55,"column":9}},"27":{"start":{"line":54,"column":8},"end":{"line":54,"column":30}},"28":{"start":{"line":61,"column":0},"end":{"line":63,"column":2}},"29":{"start":{"line":62,"column":2},"end":{"line":62,"column":77}},"30":{"start":{"line":66,"column":0},"end":{"line":68,"column":2}},"31":{"start":{"line":67,"column":2},"end":{"line":67,"column":126}},"32":{"start":{"line":71,"column":0},"end":{"line":73,"column":2}},"33":{"start":{"line":72,"column":2},"end":{"line":72,"column":92}},"34":{"start":{"line":76,"column":0},"end":{"line":81,"column":2}},"35":{"start":{"line":77,"column":2},"end":{"line":79,"column":3}},"36":{"start":{"line":78,"column":4},"end":{"line":78,"column":24}},"37":{"start":{"line":80,"column":2},"end":{"line":80,"column":154}},"38":{"start":{"line":84,"column":0},"end":{"line":86,"column":2}},"39":{"start":{"line":85,"column":2},"end":{"line":85,"column":120}}},"branchMap":{"1":{"line":16,"type":"binary-expr","locations":[{"start":{"line":16,"column":15},"end":{"line":16,"column":25}},{"start":{"line":16,"column":29},"end":{"line":16,"column":32}}]},"2":{"line":23,"type":"binary-expr","locations":[{"start":{"line":23,"column":15},"end":{"line":23,"column":25}},{"start":{"line":23,"column":29},"end":{"line":23,"column":32}}]},"3":{"line":25,"type":"if","locations":[{"start":{"line":25,"column":4},"end":{"line":25,"column":4}},{"start":{"line":25,"column":4},"end":{"line":25,"column":4}}]},"4":{"line":33,"type":"if","locations":[{"start":{"line":33,"column":4},"end":{"line":33,"column":4}},{"start":{"line":33,"column":4},"end":{"line":33,"column":4}}]},"5":{"line":52,"type":"if","locations":[{"start":{"line":52,"column":4},"end":{"line":52,"column":4}},{"start":{"line":52,"column":4},"end":{"line":52,"column":4}}]},"6":{"line":77,"type":"if","locations":[{"start":{"line":77,"column":2},"end":{"line":77,"column":2}},{"start":{"line":77,"column":2},"end":{"line":77,"column":2}}]}}},"/Users/adrian/code/meanshop/server/api/thing/thing.model.js":{"path":"/Users/adrian/code/meanshop/server/api/thing/thing.model.js","s":{"1":1,"2":1,"3":1,"4":1},"b":{},"f":{},"fnMap":{},"statementMap":{"1":{"start":{"line":3,"column":0},"end":{"line":3,"column":69}},"2":{"start":{"line":4,"column":0},"end":{"line":4,"column":29}},"3":{"start":{"line":6,"column":0},"end":{"line":10,"column":3}},"4":{"start":{"line":12,"column":0},"end":{"line":12,"column":54}}},"branchMap":{}},"/Users/adrian/code/meanshop/server/api/user/index.js":{"path":"/Users/adrian/code/meanshop/server/api/user/index.js","s":{"1":2,"2":2,"3":2,"4":2,"5":2,"6":2,"7":2,"8":2,"9":2,"10":2,"11":2},"b":{},"f":{},"fnMap":{},"statementMap":{"1":{"start":{"line":3,"column":0},"end":{"line":3,"column":33}},"2":{"start":{"line":4,"column":0},"end":{"line":4,"column":46}},"3":{"start":{"line":5,"column":0},"end":{"line":5,"column":46}},"4":{"start":{"line":7,"column":0},"end":{"line":7,"column":30}},"5":{"start":{"line":9,"column":0},"end":{"line":9,"column":57}},"6":{"start":{"line":10,"column":0},"end":{"line":10,"column":68}},"7":{"start":{"line":11,"column":0},"end":{"line":11,"column":57}},"8":{"start":{"line":12,"column":0},"end":{"line":12,"column":79}},"9":{"start":{"line":13,"column":0},"end":{"line":13,"column":60}},"10":{"start":{"line":14,"column":0},"end":{"line":14,"column":36}},"11":{"start":{"line":16,"column":0},"end":{"line":16,"column":24}}},"branchMap":{}},"/Users/adrian/code/meanshop/server/api/user/user.controller.js":{"path":"/Users/adrian/code/meanshop/server/api/user/user.controller.js","s":{"1":1,"2":1,"3":1,"4":1,"5":1,"6":0,"7":0,"8":0,"9":1,"10":0,"11":0,"12":0,"13":1,"14":0,"15":0,"16":0,"17":1,"18":0,"19":0,"20":1,"21":0,"22":0,"23":0,"24":0,"25":0,"26":0,"27":1,"28":0,"29":0,"30":0,"31":0,"32":0,"33":0,"34":1,"35":0,"36":0,"37":1,"38":0,"39":0,"40":0,"41":0,"42":0,"43":0,"44":0,"45":0,"46":0,"47":1,"48":0,"49":0,"50":0,"51":0,"52":0,"53":0,"54":1,"55":0},"b":{"1":[0,0],"2":[0,0],"3":[0,0],"4":[0,0],"5":[0,0],"6":[0,0]},"f":{"1":0,"2":0,"3":0,"4":0,"5":0,"6":0,"7":0,"8":0,"9":0,"10":0,"11":0,"12":0,"13":0,"14":0,"15":0,"16":0,"17":0,"18":0,"19":0,"20":0,"21":0,"22":0},"fnMap":{"1":{"name":"validationError","line":8,"loc":{"start":{"line":8,"column":0},"end":{"line":8,"column":42}}},"2":{"name":"(anonymous_2)","line":10,"loc":{"start":{"line":10,"column":9},"end":{"line":10,"column":24}}},"3":{"name":"handleError","line":15,"loc":{"start":{"line":15,"column":0},"end":{"line":15,"column":38}}},"4":{"name":"(anonymous_4)","line":17,"loc":{"start":{"line":17,"column":9},"end":{"line":17,"column":24}}},"5":{"name":"respondWith","line":22,"loc":{"start":{"line":22,"column":0},"end":{"line":22,"column":38}}},"6":{"name":"(anonymous_6)","line":24,"loc":{"start":{"line":24,"column":9},"end":{"line":24,"column":21}}},"7":{"name":"(anonymous_7)","line":33,"loc":{"start":{"line":33,"column":16},"end":{"line":33,"column":36}}},"8":{"name":"(anonymous_8)","line":34,"loc":{"start":{"line":34,"column":51},"end":{"line":34,"column":68}}},"9":{"name":"(anonymous_9)","line":42,"loc":{"start":{"line":42,"column":17},"end":{"line":42,"column":43}}},"10":{"name":"(anonymous_10)","line":46,"loc":{"start":{"line":46,"column":29},"end":{"line":46,"column":45}}},"11":{"name":"(anonymous_11)","line":57,"loc":{"start":{"line":57,"column":15},"end":{"line":57,"column":41}}},"12":{"name":"(anonymous_12)","line":60,"loc":{"start":{"line":60,"column":34},"end":{"line":60,"column":50}}},"13":{"name":"(anonymous_13)","line":65,"loc":{"start":{"line":65,"column":14},"end":{"line":65,"column":29}}},"14":{"name":"(anonymous_14)","line":74,"loc":{"start":{"line":74,"column":18},"end":{"line":74,"column":38}}},"15":{"name":"(anonymous_15)","line":75,"loc":{"start":{"line":75,"column":50},"end":{"line":75,"column":62}}},"16":{"name":"(anonymous_16)","line":83,"loc":{"start":{"line":83,"column":25},"end":{"line":83,"column":51}}},"17":{"name":"(anonymous_17)","line":88,"loc":{"start":{"line":88,"column":34},"end":{"line":88,"column":50}}},"18":{"name":"(anonymous_18)","line":91,"loc":{"start":{"line":91,"column":35},"end":{"line":91,"column":47}}},"19":{"name":"(anonymous_19)","line":103,"loc":{"start":{"line":103,"column":13},"end":{"line":103,"column":39}}},"20":{"name":"(anonymous_20)","line":106,"loc":{"start":{"line":106,"column":67},"end":{"line":106,"column":83}}},"21":{"name":"(anonymous_21)","line":112,"loc":{"start":{"line":112,"column":14},"end":{"line":112,"column":29}}},"22":{"name":"(anonymous_22)","line":120,"loc":{"start":{"line":120,"column":23},"end":{"line":120,"column":49}}}},"statementMap":{"1":{"start":{"line":3,"column":0},"end":{"line":3,"column":35}},"2":{"start":{"line":4,"column":0},"end":{"line":4,"column":35}},"3":{"start":{"line":5,"column":0},"end":{"line":5,"column":49}},"4":{"start":{"line":6,"column":0},"end":{"line":6,"column":34}},"5":{"start":{"line":8,"column":0},"end":{"line":13,"column":1}},"6":{"start":{"line":9,"column":2},"end":{"line":9,"column":33}},"7":{"start":{"line":10,"column":2},"end":{"line":12,"column":4}},"8":{"start":{"line":11,"column":4},"end":{"line":11,"column":37}},"9":{"start":{"line":15,"column":0},"end":{"line":20,"column":1}},"10":{"start":{"line":16,"column":2},"end":{"line":16,"column":33}},"11":{"start":{"line":17,"column":2},"end":{"line":19,"column":4}},"12":{"start":{"line":18,"column":4},"end":{"line":18,"column":37}},"13":{"start":{"line":22,"column":0},"end":{"line":27,"column":1}},"14":{"start":{"line":23,"column":2},"end":{"line":23,"column":33}},"15":{"start":{"line":24,"column":2},"end":{"line":26,"column":4}},"16":{"start":{"line":25,"column":4},"end":{"line":25,"column":33}},"17":{"start":{"line":33,"column":0},"end":{"line":37,"column":2}},"18":{"start":{"line":34,"column":2},"end":{"line":36,"column":32}},"19":{"start":{"line":35,"column":4},"end":{"line":35,"column":32}},"20":{"start":{"line":42,"column":0},"end":{"line":52,"column":2}},"21":{"start":{"line":43,"column":2},"end":{"line":43,"column":35}},"22":{"start":{"line":44,"column":2},"end":{"line":44,"column":29}},"23":{"start":{"line":45,"column":2},"end":{"line":45,"column":24}},"24":{"start":{"line":46,"column":2},"end":{"line":51,"column":36}},"25":{"start":{"line":47,"column":4},"end":{"line":49,"column":7}},"26":{"start":{"line":50,"column":4},"end":{"line":50,"column":31}},"27":{"start":{"line":57,"column":0},"end":{"line":68,"column":2}},"28":{"start":{"line":58,"column":2},"end":{"line":58,"column":29}},"29":{"start":{"line":60,"column":2},"end":{"line":67,"column":5}},"30":{"start":{"line":61,"column":4},"end":{"line":63,"column":5}},"31":{"start":{"line":62,"column":6},"end":{"line":62,"column":35}},"32":{"start":{"line":64,"column":4},"end":{"line":64,"column":27}},"33":{"start":{"line":66,"column":4},"end":{"line":66,"column":21}},"34":{"start":{"line":74,"column":0},"end":{"line":78,"column":2}},"35":{"start":{"line":75,"column":2},"end":{"line":77,"column":32}},"36":{"start":{"line":76,"column":4},"end":{"line":76,"column":26}},"37":{"start":{"line":83,"column":0},"end":{"line":98,"column":2}},"38":{"start":{"line":84,"column":2},"end":{"line":84,"column":28}},"39":{"start":{"line":85,"column":2},"end":{"line":85,"column":45}},"40":{"start":{"line":86,"column":2},"end":{"line":86,"column":45}},"41":{"start":{"line":88,"column":2},"end":{"line":97,"column":5}},"42":{"start":{"line":89,"column":4},"end":{"line":96,"column":5}},"43":{"start":{"line":90,"column":6},"end":{"line":90,"column":30}},"44":{"start":{"line":91,"column":6},"end":{"line":93,"column":40}},"45":{"start":{"line":92,"column":8},"end":{"line":92,"column":30}},"46":{"start":{"line":95,"column":6},"end":{"line":95,"column":35}},"47":{"start":{"line":103,"column":0},"end":{"line":115,"column":2}},"48":{"start":{"line":104,"column":2},"end":{"line":104,"column":28}},"49":{"start":{"line":106,"column":2},"end":{"line":114,"column":5}},"50":{"start":{"line":108,"column":4},"end":{"line":110,"column":5}},"51":{"start":{"line":109,"column":6},"end":{"line":109,"column":35}},"52":{"start":{"line":111,"column":4},"end":{"line":111,"column":19}},"53":{"start":{"line":113,"column":4},"end":{"line":113,"column":21}},"54":{"start":{"line":120,"column":0},"end":{"line":122,"column":2}},"55":{"start":{"line":121,"column":2},"end":{"line":121,"column":20}}},"branchMap":{"1":{"line":9,"type":"binary-expr","locations":[{"start":{"line":9,"column":15},"end":{"line":9,"column":25}},{"start":{"line":9,"column":29},"end":{"line":9,"column":32}}]},"2":{"line":16,"type":"binary-expr","locations":[{"start":{"line":16,"column":15},"end":{"line":16,"column":25}},{"start":{"line":16,"column":29},"end":{"line":16,"column":32}}]},"3":{"line":23,"type":"binary-expr","locations":[{"start":{"line":23,"column":15},"end":{"line":23,"column":25}},{"start":{"line":23,"column":29},"end":{"line":23,"column":32}}]},"4":{"line":61,"type":"if","locations":[{"start":{"line":61,"column":4},"end":{"line":61,"column":4}},{"start":{"line":61,"column":4},"end":{"line":61,"column":4}}]},"5":{"line":89,"type":"if","locations":[{"start":{"line":89,"column":4},"end":{"line":89,"column":4}},{"start":{"line":89,"column":4},"end":{"line":89,"column":4}}]},"6":{"line":108,"type":"if","locations":[{"start":{"line":108,"column":4},"end":{"line":108,"column":4}},{"start":{"line":108,"column":4},"end":{"line":108,"column":4}}]}}},"/Users/adrian/code/meanshop/server/api/user/user.model.js":{"path":"/Users/adrian/code/meanshop/server/api/user/user.model.js","s":{"1":1,"2":1,"3":1,"4":1,"5":1,"6":1,"7":0,"8":1,"9":0,"10":1,"11":6,"12":0,"13":6,"14":1,"15":6,"16":0,"17":6,"18":1,"19":5,"20":5,"21":5,"22":1,"23":0,"24":1,"25":4,"26":0,"27":1,"28":4,"29":1,"30":5,"31":4,"32":0,"33":4,"34":4,"35":4,"36":0,"37":4,"38":4,"39":4,"40":0,"41":4,"42":4,"43":1,"44":1,"45":3,"46":3,"47":0,"48":0,"49":0,"50":0,"51":0,"52":0,"53":0,"54":4,"55":4,"56":4,"57":4,"58":0,"59":0,"60":4,"61":0,"62":4,"63":0,"64":4,"65":4,"66":0,"67":4,"68":7,"69":0,"70":7,"71":7,"72":7,"73":7,"74":3,"75":4,"76":4,"77":0,"78":4,"79":1},"b":{"1":[0,6],"2":[0,6],"3":[1,4],"4":[0,1],"5":[4,4],"6":[4,1],"7":[0,4],"8":[4,0],"9":[0,4],"10":[0,4],"11":[3,0],"12":[0,0],"13":[0,0],"14":[4,0],"15":[0,0],"16":[0,4],"17":[0,4],"18":[0,4],"19":[0,7],"20":[7,7],"21":[3,4],"22":[0,4]},"f":{"1":0,"2":0,"3":6,"4":6,"5":5,"6":5,"7":0,"8":4,"9":5,"10":4,"11":4,"12":3,"13":0,"14":4,"15":4,"16":7,"17":4},"fnMap":{"1":{"name":"(anonymous_1)","line":32,"loc":{"start":{"line":32,"column":34},"end":{"line":32,"column":46}}},"2":{"name":"(anonymous_2)","line":40,"loc":{"start":{"line":40,"column":32},"end":{"line":40,"column":44}}},"3":{"name":"(anonymous_3)","line":52,"loc":{"start":{"line":52,"column":34},"end":{"line":52,"column":51}}},"4":{"name":"(anonymous_4)","line":60,"loc":{"start":{"line":60,"column":37},"end":{"line":60,"column":57}}},"5":{"name":"(anonymous_5)","line":68,"loc":{"start":{"line":68,"column":34},"end":{"line":68,"column":60}}},"6":{"name":"(anonymous_6)","line":70,"loc":{"start":{"line":70,"column":62},"end":{"line":70,"column":78}}},"7":{"name":"(anonymous_7)","line":78,"loc":{"start":{"line":78,"column":14},"end":{"line":78,"column":29}}},"8":{"name":"validatePresenceOf","line":83,"loc":{"start":{"line":83,"column":25},"end":{"line":83,"column":60}}},"9":{"name":"(anonymous_9)","line":90,"loc":{"start":{"line":90,"column":23},"end":{"line":90,"column":39}}},"10":{"name":"(anonymous_10)","line":99,"loc":{"start":{"line":99,"column":18},"end":{"line":99,"column":43}}},"11":{"name":"(anonymous_11)","line":104,"loc":{"start":{"line":104,"column":44},"end":{"line":104,"column":82}}},"12":{"name":"authenticate","line":129,"loc":{"start":{"line":129,"column":16},"end":{"line":129,"column":58}}},"13":{"name":"(anonymous_13)","line":135,"loc":{"start":{"line":135,"column":35},"end":{"line":135,"column":58}}},"14":{"name":"makeSalt","line":156,"loc":{"start":{"line":156,"column":12},"end":{"line":156,"column":50}}},"15":{"name":"(anonymous_15)","line":174,"loc":{"start":{"line":174,"column":40},"end":{"line":174,"column":61}}},"16":{"name":"encryptPassword","line":190,"loc":{"start":{"line":190,"column":19},"end":{"line":190,"column":64}}},"17":{"name":"(anonymous_17)","line":203,"loc":{"start":{"line":203,"column":78},"end":{"line":203,"column":98}}}},"statementMap":{"1":{"start":{"line":3,"column":0},"end":{"line":3,"column":69}},"2":{"start":{"line":4,"column":0},"end":{"line":4,"column":29}},"3":{"start":{"line":5,"column":0},"end":{"line":5,"column":31}},"4":{"start":{"line":6,"column":0},"end":{"line":6,"column":60}},"5":{"start":{"line":8,"column":0},"end":{"line":25,"column":3}},"6":{"start":{"line":32,"column":0},"end":{"line":37,"column":3}},"7":{"start":{"line":33,"column":2},"end":{"line":36,"column":4}},"8":{"start":{"line":40,"column":0},"end":{"line":45,"column":3}},"9":{"start":{"line":41,"column":2},"end":{"line":44,"column":4}},"10":{"start":{"line":52,"column":0},"end":{"line":57,"column":28}},"11":{"start":{"line":53,"column":2},"end":{"line":55,"column":3}},"12":{"start":{"line":54,"column":4},"end":{"line":54,"column":16}},"13":{"start":{"line":56,"column":2},"end":{"line":56,"column":22}},"14":{"start":{"line":60,"column":0},"end":{"line":65,"column":31}},"15":{"start":{"line":61,"column":2},"end":{"line":63,"column":3}},"16":{"start":{"line":62,"column":4},"end":{"line":62,"column":16}},"17":{"start":{"line":64,"column":2},"end":{"line":64,"column":25}},"18":{"start":{"line":68,"column":0},"end":{"line":81,"column":53}},"19":{"start":{"line":69,"column":2},"end":{"line":69,"column":18}},"20":{"start":{"line":70,"column":2},"end":{"line":80,"column":5}},"21":{"start":{"line":71,"column":4},"end":{"line":76,"column":5}},"22":{"start":{"line":72,"column":6},"end":{"line":74,"column":7}},"23":{"start":{"line":73,"column":8},"end":{"line":73,"column":29}},"24":{"start":{"line":75,"column":6},"end":{"line":75,"column":28}},"25":{"start":{"line":77,"column":4},"end":{"line":77,"column":25}},"26":{"start":{"line":79,"column":4},"end":{"line":79,"column":14}},"27":{"start":{"line":83,"column":0},"end":{"line":85,"column":2}},"28":{"start":{"line":84,"column":2},"end":{"line":84,"column":31}},"29":{"start":{"line":90,"column":0},"end":{"line":115,"column":3}},"30":{"start":{"line":92,"column":2},"end":{"line":114,"column":3}},"31":{"start":{"line":93,"column":4},"end":{"line":95,"column":5}},"32":{"start":{"line":94,"column":6},"end":{"line":94,"column":42}},"33":{"start":{"line":98,"column":4},"end":{"line":98,"column":21}},"34":{"start":{"line":99,"column":4},"end":{"line":111,"column":7}},"35":{"start":{"line":100,"column":6},"end":{"line":102,"column":7}},"36":{"start":{"line":101,"column":8},"end":{"line":101,"column":22}},"37":{"start":{"line":103,"column":6},"end":{"line":103,"column":24}},"38":{"start":{"line":104,"column":6},"end":{"line":110,"column":9}},"39":{"start":{"line":105,"column":8},"end":{"line":107,"column":9}},"40":{"start":{"line":106,"column":10},"end":{"line":106,"column":27}},"41":{"start":{"line":108,"column":8},"end":{"line":108,"column":40}},"42":{"start":{"line":109,"column":8},"end":{"line":109,"column":15}},"43":{"start":{"line":113,"column":4},"end":{"line":113,"column":11}},"44":{"start":{"line":120,"column":0},"end":{"line":210,"column":2}},"45":{"start":{"line":130,"column":4},"end":{"line":132,"column":5}},"46":{"start":{"line":131,"column":6},"end":{"line":131,"column":62}},"47":{"start":{"line":134,"column":4},"end":{"line":134,"column":21}},"48":{"start":{"line":135,"column":4},"end":{"line":145,"column":7}},"49":{"start":{"line":136,"column":6},"end":{"line":138,"column":7}},"50":{"start":{"line":137,"column":8},"end":{"line":137,"column":22}},"51":{"start":{"line":140,"column":6},"end":{"line":144,"column":7}},"52":{"start":{"line":141,"column":8},"end":{"line":141,"column":29}},"53":{"start":{"line":143,"column":8},"end":{"line":143,"column":30}},"54":{"start":{"line":157,"column":4},"end":{"line":157,"column":29}},"55":{"start":{"line":159,"column":4},"end":{"line":164,"column":5}},"56":{"start":{"line":160,"column":6},"end":{"line":160,"column":30}},"57":{"start":{"line":161,"column":6},"end":{"line":161,"column":33}},"58":{"start":{"line":162,"column":11},"end":{"line":164,"column":5}},"59":{"start":{"line":163,"column":6},"end":{"line":163,"column":30}},"60":{"start":{"line":166,"column":4},"end":{"line":168,"column":5}},"61":{"start":{"line":167,"column":6},"end":{"line":167,"column":33}},"62":{"start":{"line":170,"column":4},"end":{"line":172,"column":5}},"63":{"start":{"line":171,"column":6},"end":{"line":171,"column":61}},"64":{"start":{"line":174,"column":4},"end":{"line":179,"column":7}},"65":{"start":{"line":175,"column":6},"end":{"line":177,"column":7}},"66":{"start":{"line":176,"column":8},"end":{"line":176,"column":22}},"67":{"start":{"line":178,"column":6},"end":{"line":178,"column":53}},"68":{"start":{"line":191,"column":4},"end":{"line":193,"column":5}},"69":{"start":{"line":192,"column":6},"end":{"line":192,"column":18}},"70":{"start":{"line":195,"column":4},"end":{"line":195,"column":34}},"71":{"start":{"line":196,"column":4},"end":{"line":196,"column":30}},"72":{"start":{"line":197,"column":4},"end":{"line":197,"column":47}},"73":{"start":{"line":199,"column":4},"end":{"line":201,"column":5}},"74":{"start":{"line":200,"column":6},"end":{"line":200,"column":103}},"75":{"start":{"line":203,"column":4},"end":{"line":208,"column":7}},"76":{"start":{"line":204,"column":6},"end":{"line":206,"column":7}},"77":{"start":{"line":205,"column":8},"end":{"line":205,"column":22}},"78":{"start":{"line":207,"column":6},"end":{"line":207,"column":52}},"79":{"start":{"line":212,"column":0},"end":{"line":212,"column":52}}},"branchMap":{"1":{"line":53,"type":"if","locations":[{"start":{"line":53,"column":2},"end":{"line":53,"column":2}},{"start":{"line":53,"column":2},"end":{"line":53,"column":2}}]},"2":{"line":61,"type":"if","locations":[{"start":{"line":61,"column":2},"end":{"line":61,"column":2}},{"start":{"line":61,"column":2},"end":{"line":61,"column":2}}]},"3":{"line":71,"type":"if","locations":[{"start":{"line":71,"column":4},"end":{"line":71,"column":4}},{"start":{"line":71,"column":4},"end":{"line":71,"column":4}}]},"4":{"line":72,"type":"if","locations":[{"start":{"line":72,"column":6},"end":{"line":72,"column":6}},{"start":{"line":72,"column":6},"end":{"line":72,"column":6}}]},"5":{"line":84,"type":"binary-expr","locations":[{"start":{"line":84,"column":9},"end":{"line":84,"column":14}},{"start":{"line":84,"column":18},"end":{"line":84,"column":30}}]},"6":{"line":92,"type":"if","locations":[{"start":{"line":92,"column":2},"end":{"line":92,"column":2}},{"start":{"line":92,"column":2},"end":{"line":92,"column":2}}]},"7":{"line":93,"type":"if","locations":[{"start":{"line":93,"column":4},"end":{"line":93,"column":4}},{"start":{"line":93,"column":4},"end":{"line":93,"column":4}}]},"8":{"line":93,"type":"binary-expr","locations":[{"start":{"line":93,"column":8},"end":{"line":93,"column":42}},{"start":{"line":93,"column":46},"end":{"line":93,"column":85}}]},"9":{"line":100,"type":"if","locations":[{"start":{"line":100,"column":6},"end":{"line":100,"column":6}},{"start":{"line":100,"column":6},"end":{"line":100,"column":6}}]},"10":{"line":105,"type":"if","locations":[{"start":{"line":105,"column":8},"end":{"line":105,"column":8}},{"start":{"line":105,"column":8},"end":{"line":105,"column":8}}]},"11":{"line":130,"type":"if","locations":[{"start":{"line":130,"column":4},"end":{"line":130,"column":4}},{"start":{"line":130,"column":4},"end":{"line":130,"column":4}}]},"12":{"line":136,"type":"if","locations":[{"start":{"line":136,"column":6},"end":{"line":136,"column":6}},{"start":{"line":136,"column":6},"end":{"line":136,"column":6}}]},"13":{"line":140,"type":"if","locations":[{"start":{"line":140,"column":6},"end":{"line":140,"column":6}},{"start":{"line":140,"column":6},"end":{"line":140,"column":6}}]},"14":{"line":159,"type":"if","locations":[{"start":{"line":159,"column":4},"end":{"line":159,"column":4}},{"start":{"line":159,"column":4},"end":{"line":159,"column":4}}]},"15":{"line":162,"type":"if","locations":[{"start":{"line":162,"column":11},"end":{"line":162,"column":11}},{"start":{"line":162,"column":11},"end":{"line":162,"column":11}}]},"16":{"line":166,"type":"if","locations":[{"start":{"line":166,"column":4},"end":{"line":166,"column":4}},{"start":{"line":166,"column":4},"end":{"line":166,"column":4}}]},"17":{"line":170,"type":"if","locations":[{"start":{"line":170,"column":4},"end":{"line":170,"column":4}},{"start":{"line":170,"column":4},"end":{"line":170,"column":4}}]},"18":{"line":175,"type":"if","locations":[{"start":{"line":175,"column":6},"end":{"line":175,"column":6}},{"start":{"line":175,"column":6},"end":{"line":175,"column":6}}]},"19":{"line":191,"type":"if","locations":[{"start":{"line":191,"column":4},"end":{"line":191,"column":4}},{"start":{"line":191,"column":4},"end":{"line":191,"column":4}}]},"20":{"line":191,"type":"binary-expr","locations":[{"start":{"line":191,"column":8},"end":{"line":191,"column":17}},{"start":{"line":191,"column":21},"end":{"line":191,"column":31}}]},"21":{"line":199,"type":"if","locations":[{"start":{"line":199,"column":4},"end":{"line":199,"column":4}},{"start":{"line":199,"column":4},"end":{"line":199,"column":4}}]},"22":{"line":204,"type":"if","locations":[{"start":{"line":204,"column":6},"end":{"line":204,"column":6}},{"start":{"line":204,"column":6},"end":{"line":204,"column":6}}]}}},"/Users/adrian/code/meanshop/server/config/environment/index.js":{"path":"/Users/adrian/code/meanshop/server/config/environment/index.js","s":{"1":1,"2":1,"3":1,"4":0,"5":0,"6":0,"7":1,"8":1},"b":{"1":[0,0],"2":[1,1],"3":[1,1],"4":[1,0],"5":[1,0],"6":[1,0],"7":[1,0],"8":[1,0],"9":[1,0],"10":[1,0],"11":[1,0],"12":[1,0],"13":[1,0]},"f":{"1":0},"fnMap":{"1":{"name":"requiredProcessEnv","line":6,"loc":{"start":{"line":6,"column":0},"end":{"line":6,"column":34}}}},"statementMap":{"1":{"start":{"line":3,"column":0},"end":{"line":3,"column":27}},"2":{"start":{"line":4,"column":0},"end":{"line":4,"column":26}},"3":{"start":{"line":6,"column":0},"end":{"line":11,"column":1}},"4":{"start":{"line":7,"column":2},"end":{"line":9,"column":3}},"5":{"start":{"line":8,"column":4},"end":{"line":8,"column":74}},"6":{"start":{"line":10,"column":2},"end":{"line":10,"column":27}},"7":{"start":{"line":15,"column":0},"end":{"line":64,"column":2}},"8":{"start":{"line":68,"column":0},"end":{"line":68,"column":82}}},"branchMap":{"1":{"line":7,"type":"if","locations":[{"start":{"line":7,"column":2},"end":{"line":7,"column":2}},{"start":{"line":7,"column":2},"end":{"line":7,"column":2}}]},"2":{"line":22,"type":"binary-expr","locations":[{"start":{"line":22,"column":8},"end":{"line":22,"column":24}},{"start":{"line":22,"column":28},"end":{"line":22,"column":32}}]},"3":{"line":25,"type":"binary-expr","locations":[{"start":{"line":25,"column":6},"end":{"line":25,"column":20}},{"start":{"line":25,"column":24},"end":{"line":25,"column":33}}]},"4":{"line":48,"type":"binary-expr","locations":[{"start":{"line":48,"column":14},"end":{"line":48,"column":37}},{"start":{"line":48,"column":41},"end":{"line":48,"column":45}}]},"5":{"line":49,"type":"binary-expr","locations":[{"start":{"line":49,"column":18},"end":{"line":49,"column":45}},{"start":{"line":49,"column":49},"end":{"line":49,"column":57}}]},"6":{"line":50,"type":"binary-expr","locations":[{"start":{"line":50,"column":18},"end":{"line":50,"column":36}},{"start":{"line":50,"column":40},"end":{"line":50,"column":42}}]},"7":{"line":54,"type":"binary-expr","locations":[{"start":{"line":54,"column":14},"end":{"line":54,"column":36}},{"start":{"line":54,"column":40},"end":{"line":54,"column":44}}]},"8":{"line":55,"type":"binary-expr","locations":[{"start":{"line":55,"column":18},"end":{"line":55,"column":44}},{"start":{"line":55,"column":48},"end":{"line":55,"column":56}}]},"9":{"line":56,"type":"binary-expr","locations":[{"start":{"line":56,"column":18},"end":{"line":56,"column":36}},{"start":{"line":56,"column":40},"end":{"line":56,"column":42}}]},"10":{"line":60,"type":"binary-expr","locations":[{"start":{"line":60,"column":14},"end":{"line":60,"column":35}},{"start":{"line":60,"column":39},"end":{"line":60,"column":43}}]},"11":{"line":61,"type":"binary-expr","locations":[{"start":{"line":61,"column":18},"end":{"line":61,"column":43}},{"start":{"line":61,"column":47},"end":{"line":61,"column":55}}]},"12":{"line":62,"type":"binary-expr","locations":[{"start":{"line":62,"column":18},"end":{"line":62,"column":36}},{"start":{"line":62,"column":40},"end":{"line":62,"column":42}}]},"13":{"line":68,"type":"binary-expr","locations":[{"start":{"line":68,"column":30},"end":{"line":68,"column":74}},{"start":{"line":68,"column":78},"end":{"line":68,"column":80}}]}}},"/Users/adrian/code/meanshop/server/config/environment/test.js":{"path":"/Users/adrian/code/meanshop/server/config/environment/test.js","s":{"1":1},"b":{},"f":{},"fnMap":{},"statementMap":{"1":{"start":{"line":5,"column":0},"end":{"line":20,"column":2}}},"branchMap":{}},"/Users/adrian/code/meanshop/server/auth/auth.service.js":{"path":"/Users/adrian/code/meanshop/server/auth/auth.service.js","s":{"1":1,"2":1,"3":1,"4":1,"5":1,"6":1,"7":1,"8":1,"9":5,"10":0,"11":0,"12":0,"13":0,"14":0,"15":0,"16":0,"17":0,"18":0,"19":1,"20":2,"21":0,"22":2,"23":0,"24":0,"25":0,"26":1,"27":0,"28":1,"29":0,"30":0,"31":0,"32":0,"33":0,"34":1,"35":1,"36":1,"37":1},"b":{"1":[0,0],"2":[0,0],"3":[0,0],"4":[0,2],"5":[0,0],"6":[0,0]},"f":{"1":5,"2":0,"3":0,"4":0,"5":0,"6":2,"7":0,"8":0,"9":0},"fnMap":{"1":{"name":"isAuthenticated","line":17,"loc":{"start":{"line":17,"column":0},"end":{"line":17,"column":27}}},"2":{"name":"(anonymous_2)","line":20,"loc":{"start":{"line":20,"column":7},"end":{"line":20,"column":33}}},"3":{"name":"(anonymous_3)","line":28,"loc":{"start":{"line":28,"column":7},"end":{"line":28,"column":33}}},"4":{"name":"(anonymous_4)","line":29,"loc":{"start":{"line":29,"column":42},"end":{"line":29,"column":58}}},"5":{"name":"(anonymous_5)","line":35,"loc":{"start":{"line":35,"column":16},"end":{"line":35,"column":31}}},"6":{"name":"hasRole","line":44,"loc":{"start":{"line":44,"column":0},"end":{"line":44,"column":31}}},"7":{"name":"meetsRequirements","line":49,"loc":{"start":{"line":49,"column":46},"end":{"line":49,"column":89}}},"8":{"name":"signToken","line":61,"loc":{"start":{"line":61,"column":0},"end":{"line":61,"column":29}}},"9":{"name":"setTokenCookie","line":70,"loc":{"start":{"line":70,"column":0},"end":{"line":70,"column":34}}}},"statementMap":{"1":{"start":{"line":3,"column":0},"end":{"line":3,"column":35}},"2":{"start":{"line":4,"column":0},"end":{"line":4,"column":46}},"3":{"start":{"line":5,"column":0},"end":{"line":5,"column":34}},"4":{"start":{"line":6,"column":0},"end":{"line":6,"column":40}},"5":{"start":{"line":7,"column":0},"end":{"line":7,"column":47}},"6":{"start":{"line":8,"column":0},"end":{"line":8,"column":45}},"7":{"start":{"line":9,"column":0},"end":{"line":11,"column":3}},"8":{"start":{"line":17,"column":0},"end":{"line":39,"column":1}},"9":{"start":{"line":18,"column":2},"end":{"line":38,"column":5}},"10":{"start":{"line":22,"column":4},"end":{"line":24,"column":5}},"11":{"start":{"line":23,"column":6},"end":{"line":23,"column":69}},"12":{"start":{"line":25,"column":4},"end":{"line":25,"column":32}},"13":{"start":{"line":29,"column":4},"end":{"line":37,"column":7}},"14":{"start":{"line":30,"column":6},"end":{"line":32,"column":7}},"15":{"start":{"line":31,"column":8},"end":{"line":31,"column":37}},"16":{"start":{"line":33,"column":6},"end":{"line":33,"column":22}},"17":{"start":{"line":34,"column":6},"end":{"line":34,"column":13}},"18":{"start":{"line":36,"column":6},"end":{"line":36,"column":23}},"19":{"start":{"line":44,"column":0},"end":{"line":56,"column":1}},"20":{"start":{"line":45,"column":2},"end":{"line":47,"column":3}},"21":{"start":{"line":46,"column":4},"end":{"line":46,"column":53}},"22":{"start":{"line":49,"column":2},"end":{"line":55,"column":5}},"23":{"start":{"line":50,"column":4},"end":{"line":54,"column":5}},"24":{"start":{"line":51,"column":6},"end":{"line":51,"column":13}},"25":{"start":{"line":53,"column":6},"end":{"line":53,"column":40}},"26":{"start":{"line":61,"column":0},"end":{"line":65,"column":1}},"27":{"start":{"line":62,"column":2},"end":{"line":64,"column":5}},"28":{"start":{"line":70,"column":0},"end":{"line":77,"column":1}},"29":{"start":{"line":71,"column":2},"end":{"line":73,"column":3}},"30":{"start":{"line":72,"column":4},"end":{"line":72,"column":75}},"31":{"start":{"line":74,"column":2},"end":{"line":74,"column":53}},"32":{"start":{"line":75,"column":2},"end":{"line":75,"column":45}},"33":{"start":{"line":76,"column":2},"end":{"line":76,"column":20}},"34":{"start":{"line":79,"column":0},"end":{"line":79,"column":42}},"35":{"start":{"line":80,"column":0},"end":{"line":80,"column":26}},"36":{"start":{"line":81,"column":0},"end":{"line":81,"column":30}},"37":{"start":{"line":82,"column":0},"end":{"line":82,"column":40}}},"branchMap":{"1":{"line":22,"type":"if","locations":[{"start":{"line":22,"column":4},"end":{"line":22,"column":4}},{"start":{"line":22,"column":4},"end":{"line":22,"column":4}}]},"2":{"line":22,"type":"binary-expr","locations":[{"start":{"line":22,"column":8},"end":{"line":22,"column":17}},{"start":{"line":22,"column":21},"end":{"line":22,"column":61}}]},"3":{"line":30,"type":"if","locations":[{"start":{"line":30,"column":6},"end":{"line":30,"column":6}},{"start":{"line":30,"column":6},"end":{"line":30,"column":6}}]},"4":{"line":45,"type":"if","locations":[{"start":{"line":45,"column":2},"end":{"line":45,"column":2}},{"start":{"line":45,"column":2},"end":{"line":45,"column":2}}]},"5":{"line":50,"type":"if","locations":[{"start":{"line":50,"column":4},"end":{"line":50,"column":4}},{"start":{"line":50,"column":4},"end":{"line":50,"column":4}}]},"6":{"line":71,"type":"if","locations":[{"start":{"line":71,"column":2},"end":{"line":71,"column":2}},{"start":{"line":71,"column":2},"end":{"line":71,"column":2}}]}}},"/Users/adrian/code/meanshop/server/app.js":{"path":"/Users/adrian/code/meanshop/server/app.js","s":{"1":1,"2":1,"3":1,"4":1,"5":1,"6":1,"7":0,"8":0,"9":1,"10":0,"11":1,"12":1,"13":1,"14":1,"15":1,"16":1,"17":1,"18":1,"19":1,"20":1,"21":1},"b":{"1":[1,0],"2":[0,1]},"f":{"1":0,"2":1,"3":1},"fnMap":{"1":{"name":"(anonymous_1)","line":16,"loc":{"start":{"line":16,"column":32},"end":{"line":16,"column":47}}},"2":{"name":"startServer","line":38,"loc":{"start":{"line":38,"column":0},"end":{"line":38,"column":23}}},"3":{"name":"(anonymous_3)","line":39,"loc":{"start":{"line":39,"column":40},"end":{"line":39,"column":52}}}},"statementMap":{"1":{"start":{"line":8,"column":0},"end":{"line":8,"column":61}},"2":{"start":{"line":10,"column":0},"end":{"line":10,"column":33}},"3":{"start":{"line":11,"column":0},"end":{"line":11,"column":35}},"4":{"start":{"line":12,"column":0},"end":{"line":12,"column":45}},"5":{"start":{"line":15,"column":0},"end":{"line":15,"column":57}},"6":{"start":{"line":16,"column":0},"end":{"line":19,"column":3}},"7":{"start":{"line":17,"column":2},"end":{"line":17,"column":52}},"8":{"start":{"line":18,"column":2},"end":{"line":18,"column":19}},"9":{"start":{"line":22,"column":0},"end":{"line":24,"column":1}},"10":{"start":{"line":23,"column":2},"end":{"line":23,"column":27}},"11":{"start":{"line":27,"column":0},"end":{"line":27,"column":20}},"12":{"start":{"line":28,"column":0},"end":{"line":28,"column":47}},"13":{"start":{"line":29,"column":0},"end":{"line":32,"column":3}},"14":{"start":{"line":33,"column":0},"end":{"line":33,"column":39}},"15":{"start":{"line":34,"column":0},"end":{"line":34,"column":33}},"16":{"start":{"line":35,"column":0},"end":{"line":35,"column":25}},"17":{"start":{"line":38,"column":0},"end":{"line":42,"column":1}},"18":{"start":{"line":39,"column":2},"end":{"line":41,"column":5}},"19":{"start":{"line":40,"column":4},"end":{"line":40,"column":105}},"20":{"start":{"line":44,"column":0},"end":{"line":44,"column":26}},"21":{"start":{"line":47,"column":0},"end":{"line":47,"column":31}}},"branchMap":{"1":{"line":8,"type":"binary-expr","locations":[{"start":{"line":8,"column":23},"end":{"line":8,"column":43}},{"start":{"line":8,"column":47},"end":{"line":8,"column":60}}]},"2":{"line":22,"type":"if","locations":[{"start":{"line":22,"column":0},"end":{"line":22,"column":0}},{"start":{"line":22,"column":0},"end":{"line":22,"column":0}}]}}},"/Users/adrian/code/meanshop/server/config/socketio.js":{"path":"/Users/adrian/code/meanshop/server/config/socketio.js","s":{"1":1,"2":1,"3":1,"4":0,"5":0,"6":0,"7":0,"8":1,"9":1,"10":0,"11":0,"12":0,"13":0,"14":0,"15":0,"16":0},"b":{},"f":{"1":0,"2":0,"3":0,"4":1,"5":0,"6":0},"fnMap":{"1":{"name":"onDisconnect","line":10,"loc":{"start":{"line":10,"column":0},"end":{"line":10,"column":30}}},"2":{"name":"onConnect","line":13,"loc":{"start":{"line":13,"column":0},"end":{"line":13,"column":27}}},"3":{"name":"(anonymous_3)","line":15,"loc":{"start":{"line":15,"column":20},"end":{"line":15,"column":36}}},"4":{"name":"(anonymous_4)","line":24,"loc":{"start":{"line":24,"column":17},"end":{"line":24,"column":37}}},"5":{"name":"(anonymous_5)","line":40,"loc":{"start":{"line":40,"column":28},"end":{"line":40,"column":46}}},"6":{"name":"(anonymous_6)","line":46,"loc":{"start":{"line":46,"column":28},"end":{"line":46,"column":40}}}},"statementMap":{"1":{"start":{"line":7,"column":0},"end":{"line":7,"column":38}},"2":{"start":{"line":10,"column":0},"end":{"line":10,"column":32}},"3":{"start":{"line":13,"column":0},"end":{"line":22,"column":1}},"4":{"start":{"line":15,"column":2},"end":{"line":17,"column":5}},"5":{"start":{"line":16,"column":4},"end":{"line":16,"column":75}},"6":{"start":{"line":20,"column":2},"end":{"line":20,"column":60}},"7":{"start":{"line":21,"column":2},"end":{"line":21,"column":56}},"8":{"start":{"line":24,"column":0},"end":{"line":55,"column":2}},"9":{"start":{"line":40,"column":2},"end":{"line":54,"column":5}},"10":{"start":{"line":41,"column":4},"end":{"line":41,"column":106}},"11":{"start":{"line":43,"column":4},"end":{"line":43,"column":36}},"12":{"start":{"line":46,"column":4},"end":{"line":49,"column":7}},"13":{"start":{"line":47,"column":6},"end":{"line":47,"column":27}},"14":{"start":{"line":48,"column":6},"end":{"line":48,"column":56}},"15":{"start":{"line":52,"column":4},"end":{"line":52,"column":22}},"16":{"start":{"line":53,"column":4},"end":{"line":53,"column":51}}},"branchMap":{}},"/Users/adrian/code/meanshop/server/config/express.js":{"path":"/Users/adrian/code/meanshop/server/config/express.js","s":{"1":1,"2":1,"3":1,"4":1,"5":1,"6":1,"7":1,"8":1,"9":1,"10":1,"11":1,"12":1,"13":1,"14":1,"15":1,"16":1,"17":1,"18":1,"19":1,"20":1,"21":1,"22":1,"23":1,"24":1,"25":1,"26":1,"27":1,"28":1,"29":0,"30":0,"31":0,"32":1,"33":1,"34":1,"35":1,"36":1,"37":1},"b":{"1":[0,1],"2":[1,0],"3":[1,1]},"f":{"1":1},"fnMap":{"1":{"name":"(anonymous_1)","line":22,"loc":{"start":{"line":22,"column":17},"end":{"line":22,"column":32}}}},"statementMap":{"1":{"start":{"line":7,"column":0},"end":{"line":7,"column":33}},"2":{"start":{"line":8,"column":0},"end":{"line":8,"column":39}},"3":{"start":{"line":9,"column":0},"end":{"line":9,"column":31}},"4":{"start":{"line":10,"column":0},"end":{"line":10,"column":41}},"5":{"start":{"line":11,"column":0},"end":{"line":11,"column":40}},"6":{"start":{"line":12,"column":0},"end":{"line":12,"column":48}},"7":{"start":{"line":13,"column":0},"end":{"line":13,"column":44}},"8":{"start":{"line":14,"column":0},"end":{"line":14,"column":43}},"9":{"start":{"line":15,"column":0},"end":{"line":15,"column":27}},"10":{"start":{"line":16,"column":0},"end":{"line":16,"column":38}},"11":{"start":{"line":17,"column":0},"end":{"line":17,"column":35}},"12":{"start":{"line":18,"column":0},"end":{"line":18,"column":41}},"13":{"start":{"line":19,"column":0},"end":{"line":19,"column":51}},"14":{"start":{"line":20,"column":0},"end":{"line":20,"column":35}},"15":{"start":{"line":22,"column":0},"end":{"line":62,"column":2}},"16":{"start":{"line":23,"column":2},"end":{"line":23,"column":27}},"17":{"start":{"line":25,"column":2},"end":{"line":25,"column":50}},"18":{"start":{"line":26,"column":2},"end":{"line":26,"column":48}},"19":{"start":{"line":27,"column":2},"end":{"line":27,"column":33}},"20":{"start":{"line":28,"column":2},"end":{"line":28,"column":25}},"21":{"start":{"line":29,"column":2},"end":{"line":29,"column":54}},"22":{"start":{"line":30,"column":2},"end":{"line":30,"column":29}},"23":{"start":{"line":31,"column":2},"end":{"line":31,"column":28}},"24":{"start":{"line":32,"column":2},"end":{"line":32,"column":26}},"25":{"start":{"line":33,"column":2},"end":{"line":33,"column":33}},"26":{"start":{"line":37,"column":2},"end":{"line":45,"column":6}},"27":{"start":{"line":47,"column":2},"end":{"line":47,"column":55}},"28":{"start":{"line":49,"column":2},"end":{"line":53,"column":3}},"29":{"start":{"line":50,"column":4},"end":{"line":50,"column":70}},"30":{"start":{"line":51,"column":4},"end":{"line":51,"column":51}},"31":{"start":{"line":52,"column":4},"end":{"line":52,"column":27}},"32":{"start":{"line":55,"column":2},"end":{"line":61,"column":3}},"33":{"start":{"line":56,"column":4},"end":{"line":56,"column":45}},"34":{"start":{"line":57,"column":4},"end":{"line":57,"column":63}},"35":{"start":{"line":58,"column":4},"end":{"line":58,"column":51}},"36":{"start":{"line":59,"column":4},"end":{"line":59,"column":27}},"37":{"start":{"line":60,"column":4},"end":{"line":60,"column":28}}},"branchMap":{"1":{"line":49,"type":"if","locations":[{"start":{"line":49,"column":2},"end":{"line":49,"column":2}},{"start":{"line":49,"column":2},"end":{"line":49,"column":2}}]},"2":{"line":55,"type":"if","locations":[{"start":{"line":55,"column":2},"end":{"line":55,"column":2}},{"start":{"line":55,"column":2},"end":{"line":55,"column":2}}]},"3":{"line":55,"type":"binary-expr","locations":[{"start":{"line":55,"column":6},"end":{"line":55,"column":27}},{"start":{"line":55,"column":31},"end":{"line":55,"column":45}}]}}},"/Users/adrian/code/meanshop/server/routes.js":{"path":"/Users/adrian/code/meanshop/server/routes.js","s":{"1":1,"2":1,"3":1,"4":1,"5":1,"6":1,"7":1,"8":1,"9":1,"10":0},"b":{},"f":{"1":1,"2":0},"fnMap":{"1":{"name":"(anonymous_1)","line":10,"loc":{"start":{"line":10,"column":17},"end":{"line":10,"column":32}}},"2":{"name":"(anonymous_2)","line":23,"loc":{"start":{"line":23,"column":22},"end":{"line":23,"column":42}}}},"statementMap":{"1":{"start":{"line":7,"column":0},"end":{"line":7,"column":44}},"2":{"start":{"line":8,"column":0},"end":{"line":8,"column":27}},"3":{"start":{"line":10,"column":0},"end":{"line":26,"column":2}},"4":{"start":{"line":13,"column":2},"end":{"line":13,"column":53}},"5":{"start":{"line":14,"column":2},"end":{"line":14,"column":49}},"6":{"start":{"line":15,"column":2},"end":{"line":15,"column":47}},"7":{"start":{"line":17,"column":2},"end":{"line":17,"column":38}},"8":{"start":{"line":20,"column":2},"end":{"line":20,"column":89}},"9":{"start":{"line":23,"column":2},"end":{"line":25,"column":5}},"10":{"start":{"line":24,"column":4},"end":{"line":24,"column":67}}},"branchMap":{}},"/Users/adrian/code/meanshop/server/components/errors/index.js":{"path":"/Users/adrian/code/meanshop/server/components/errors/index.js","s":{"1":1,"2":0,"3":0,"4":0,"5":0,"6":0,"7":0,"8":0,"9":0},"b":{"1":[0,0]},"f":{"1":0,"2":0},"fnMap":{"1":{"name":"pageNotFound","line":7,"loc":{"start":{"line":7,"column":22},"end":{"line":7,"column":54}}},"2":{"name":"(anonymous_2)","line":15,"loc":{"start":{"line":15,"column":31},"end":{"line":15,"column":52}}}},"statementMap":{"1":{"start":{"line":7,"column":0},"end":{"line":22,"column":2}},"2":{"start":{"line":8,"column":2},"end":{"line":8,"column":27}},"3":{"start":{"line":9,"column":2},"end":{"line":9,"column":23}},"4":{"start":{"line":10,"column":2},"end":{"line":12,"column":4}},"5":{"start":{"line":14,"column":2},"end":{"line":14,"column":28}},"6":{"start":{"line":15,"column":2},"end":{"line":21,"column":5}},"7":{"start":{"line":16,"column":4},"end":{"line":18,"column":5}},"8":{"start":{"line":17,"column":6},"end":{"line":17,"column":45}},"9":{"start":{"line":20,"column":4},"end":{"line":20,"column":19}}},"branchMap":{"1":{"line":16,"type":"if","locations":[{"start":{"line":16,"column":4},"end":{"line":16,"column":4}},{"start":{"line":16,"column":4},"end":{"line":16,"column":4}}]}}},"/Users/adrian/code/meanshop/server/auth/index.js":{"path":"/Users/adrian/code/meanshop/server/auth/index.js","s":{"1":1,"2":1,"3":1,"4":1,"5":1,"6":1,"7":1,"8":1,"9":1,"10":1,"11":1,"12":1,"13":1,"14":1},"b":{},"f":{},"fnMap":{},"statementMap":{"1":{"start":{"line":3,"column":0},"end":{"line":3,"column":33}},"2":{"start":{"line":4,"column":0},"end":{"line":4,"column":35}},"3":{"start":{"line":5,"column":0},"end":{"line":5,"column":46}},"4":{"start":{"line":6,"column":0},"end":{"line":6,"column":45}},"5":{"start":{"line":9,"column":0},"end":{"line":9,"column":48}},"6":{"start":{"line":10,"column":0},"end":{"line":10,"column":51}},"7":{"start":{"line":11,"column":0},"end":{"line":11,"column":49}},"8":{"start":{"line":12,"column":0},"end":{"line":12,"column":50}},"9":{"start":{"line":14,"column":0},"end":{"line":14,"column":30}},"10":{"start":{"line":16,"column":0},"end":{"line":16,"column":41}},"11":{"start":{"line":17,"column":0},"end":{"line":17,"column":47}},"12":{"start":{"line":18,"column":0},"end":{"line":18,"column":45}},"13":{"start":{"line":19,"column":0},"end":{"line":19,"column":43}},"14":{"start":{"line":21,"column":0},"end":{"line":21,"column":24}}},"branchMap":{}},"/Users/adrian/code/meanshop/server/auth/local/passport.js":{"path":"/Users/adrian/code/meanshop/server/auth/local/passport.js","s":{"1":1,"2":1,"3":1,"4":0,"5":0,"6":0,"7":0,"8":0,"9":0,"10":0,"11":0,"12":0,"13":0,"14":1,"15":1,"16":0},"b":{"1":[0,0],"2":[0,0],"3":[0,0]},"f":{"1":0,"2":0,"3":0,"4":0,"5":1,"6":0},"fnMap":{"1":{"name":"localAuthenticate","line":6,"loc":{"start":{"line":6,"column":0},"end":{"line":6,"column":56}}},"2":{"name":"(anonymous_2)","line":9,"loc":{"start":{"line":9,"column":10},"end":{"line":9,"column":26}}},"3":{"name":"(anonymous_3)","line":15,"loc":{"start":{"line":15,"column":32},"end":{"line":15,"column":68}}},"4":{"name":"(anonymous_4)","line":27,"loc":{"start":{"line":27,"column":14},"end":{"line":27,"column":29}}},"5":{"name":"(anonymous_5)","line":32,"loc":{"start":{"line":32,"column":16},"end":{"line":32,"column":40}}},"6":{"name":"(anonymous_6)","line":36,"loc":{"start":{"line":36,"column":5},"end":{"line":36,"column":38}}}},"statementMap":{"1":{"start":{"line":3,"column":0},"end":{"line":3,"column":35}},"2":{"start":{"line":4,"column":0},"end":{"line":4,"column":55}},"3":{"start":{"line":6,"column":0},"end":{"line":30,"column":1}},"4":{"start":{"line":7,"column":2},"end":{"line":29,"column":5}},"5":{"start":{"line":10,"column":4},"end":{"line":14,"column":5}},"6":{"start":{"line":11,"column":6},"end":{"line":13,"column":9}},"7":{"start":{"line":15,"column":4},"end":{"line":26,"column":7}},"8":{"start":{"line":16,"column":6},"end":{"line":18,"column":7}},"9":{"start":{"line":17,"column":8},"end":{"line":17,"column":31}},"10":{"start":{"line":19,"column":6},"end":{"line":25,"column":7}},"11":{"start":{"line":20,"column":8},"end":{"line":22,"column":11}},"12":{"start":{"line":24,"column":8},"end":{"line":24,"column":32}},"13":{"start":{"line":28,"column":4},"end":{"line":28,"column":21}},"14":{"start":{"line":32,"column":0},"end":{"line":39,"column":2}},"15":{"start":{"line":33,"column":2},"end":{"line":38,"column":6}},"16":{"start":{"line":37,"column":4},"end":{"line":37,"column":58}}},"branchMap":{"1":{"line":10,"type":"if","locations":[{"start":{"line":10,"column":4},"end":{"line":10,"column":4}},{"start":{"line":10,"column":4},"end":{"line":10,"column":4}}]},"2":{"line":16,"type":"if","locations":[{"start":{"line":16,"column":6},"end":{"line":16,"column":6}},{"start":{"line":16,"column":6},"end":{"line":16,"column":6}}]},"3":{"line":19,"type":"if","locations":[{"start":{"line":19,"column":6},"end":{"line":19,"column":6}},{"start":{"line":19,"column":6},"end":{"line":19,"column":6}}]}}},"/Users/adrian/code/meanshop/server/auth/facebook/passport.js":{"path":"/Users/adrian/code/meanshop/server/auth/facebook/passport.js","s":{"1":1,"2":1,"3":1,"4":1,"5":0,"6":0,"7":0,"8":0,"9":0,"10":0,"11":0,"12":0},"b":{"1":[0,0]},"f":{"1":1,"2":0,"3":0,"4":0,"5":0,"6":0},"fnMap":{"1":{"name":"(anonymous_1)","line":6,"loc":{"start":{"line":6,"column":16},"end":{"line":6,"column":40}}},"2":{"name":"(anonymous_2)","line":12,"loc":{"start":{"line":12,"column":5},"end":{"line":12,"column":57}}},"3":{"name":"(anonymous_3)","line":15,"loc":{"start":{"line":15,"column":12},"end":{"line":15,"column":28}}},"4":{"name":"(anonymous_4)","line":24,"loc":{"start":{"line":24,"column":30},"end":{"line":24,"column":46}}},"5":{"name":"(anonymous_5)","line":26,"loc":{"start":{"line":26,"column":20},"end":{"line":26,"column":35}}},"6":{"name":"(anonymous_6)","line":32,"loc":{"start":{"line":32,"column":16},"end":{"line":32,"column":31}}}},"statementMap":{"1":{"start":{"line":3,"column":0},"end":{"line":3,"column":35}},"2":{"start":{"line":4,"column":0},"end":{"line":4,"column":61}},"3":{"start":{"line":6,"column":0},"end":{"line":36,"column":2}},"4":{"start":{"line":7,"column":2},"end":{"line":35,"column":6}},"5":{"start":{"line":13,"column":4},"end":{"line":34,"column":7}},"6":{"start":{"line":16,"column":6},"end":{"line":31,"column":7}},"7":{"start":{"line":17,"column":8},"end":{"line":23,"column":11}},"8":{"start":{"line":24,"column":8},"end":{"line":28,"column":11}},"9":{"start":{"line":25,"column":10},"end":{"line":25,"column":34}},"10":{"start":{"line":27,"column":10},"end":{"line":27,"column":27}},"11":{"start":{"line":30,"column":8},"end":{"line":30,"column":32}},"12":{"start":{"line":33,"column":6},"end":{"line":33,"column":23}}},"branchMap":{"1":{"line":16,"type":"if","locations":[{"start":{"line":16,"column":6},"end":{"line":16,"column":6}},{"start":{"line":16,"column":6},"end":{"line":16,"column":6}}]}}},"/Users/adrian/code/meanshop/server/auth/google/passport.js":{"path":"/Users/adrian/code/meanshop/server/auth/google/passport.js","s":{"1":1,"2":1,"3":1,"4":1,"5":0,"6":0,"7":0,"8":0,"9":0,"10":0,"11":0,"12":0},"b":{"1":[0,0]},"f":{"1":1,"2":0,"3":0,"4":0,"5":0,"6":0},"fnMap":{"1":{"name":"(anonymous_1)","line":6,"loc":{"start":{"line":6,"column":16},"end":{"line":6,"column":40}}},"2":{"name":"(anonymous_2)","line":11,"loc":{"start":{"line":11,"column":5},"end":{"line":11,"column":57}}},"3":{"name":"(anonymous_3)","line":14,"loc":{"start":{"line":14,"column":12},"end":{"line":14,"column":28}}},"4":{"name":"(anonymous_4)","line":24,"loc":{"start":{"line":24,"column":30},"end":{"line":24,"column":46}}},"5":{"name":"(anonymous_5)","line":26,"loc":{"start":{"line":26,"column":20},"end":{"line":26,"column":35}}},"6":{"name":"(anonymous_6)","line":32,"loc":{"start":{"line":32,"column":16},"end":{"line":32,"column":31}}}},"statementMap":{"1":{"start":{"line":3,"column":0},"end":{"line":3,"column":35}},"2":{"start":{"line":4,"column":0},"end":{"line":4,"column":69}},"3":{"start":{"line":6,"column":0},"end":{"line":36,"column":2}},"4":{"start":{"line":7,"column":2},"end":{"line":35,"column":6}},"5":{"start":{"line":12,"column":4},"end":{"line":34,"column":7}},"6":{"start":{"line":15,"column":6},"end":{"line":31,"column":7}},"7":{"start":{"line":16,"column":8},"end":{"line":23,"column":11}},"8":{"start":{"line":24,"column":8},"end":{"line":28,"column":11}},"9":{"start":{"line":25,"column":10},"end":{"line":25,"column":34}},"10":{"start":{"line":27,"column":10},"end":{"line":27,"column":27}},"11":{"start":{"line":30,"column":8},"end":{"line":30,"column":32}},"12":{"start":{"line":33,"column":6},"end":{"line":33,"column":23}}},"branchMap":{"1":{"line":15,"type":"if","locations":[{"start":{"line":15,"column":6},"end":{"line":15,"column":6}},{"start":{"line":15,"column":6},"end":{"line":15,"column":6}}]}}},"/Users/adrian/code/meanshop/server/auth/twitter/passport.js":{"path":"/Users/adrian/code/meanshop/server/auth/twitter/passport.js","s":{"1":1,"2":1,"3":1,"4":1,"5":0,"6":0,"7":0,"8":0,"9":0,"10":0,"11":0,"12":0},"b":{"1":[0,0]},"f":{"1":1,"2":0,"3":0,"4":0,"5":0,"6":0},"fnMap":{"1":{"name":"(anonymous_1)","line":3,"loc":{"start":{"line":3,"column":16},"end":{"line":3,"column":40}}},"2":{"name":"(anonymous_2)","line":11,"loc":{"start":{"line":11,"column":5},"end":{"line":11,"column":50}}},"3":{"name":"(anonymous_3)","line":14,"loc":{"start":{"line":14,"column":12},"end":{"line":14,"column":28}}},"4":{"name":"(anonymous_4)","line":23,"loc":{"start":{"line":23,"column":30},"end":{"line":23,"column":46}}},"5":{"name":"(anonymous_5)","line":25,"loc":{"start":{"line":25,"column":20},"end":{"line":25,"column":35}}},"6":{"name":"(anonymous_6)","line":31,"loc":{"start":{"line":31,"column":16},"end":{"line":31,"column":31}}}},"statementMap":{"1":{"start":{"line":3,"column":0},"end":{"line":35,"column":2}},"2":{"start":{"line":4,"column":2},"end":{"line":4,"column":37}},"3":{"start":{"line":5,"column":2},"end":{"line":5,"column":61}},"4":{"start":{"line":7,"column":2},"end":{"line":34,"column":6}},"5":{"start":{"line":12,"column":4},"end":{"line":33,"column":7}},"6":{"start":{"line":15,"column":6},"end":{"line":30,"column":7}},"7":{"start":{"line":16,"column":8},"end":{"line":22,"column":11}},"8":{"start":{"line":23,"column":8},"end":{"line":27,"column":11}},"9":{"start":{"line":24,"column":10},"end":{"line":24,"column":34}},"10":{"start":{"line":26,"column":10},"end":{"line":26,"column":27}},"11":{"start":{"line":29,"column":8},"end":{"line":29,"column":32}},"12":{"start":{"line":32,"column":6},"end":{"line":32,"column":23}}},"branchMap":{"1":{"line":15,"type":"if","locations":[{"start":{"line":15,"column":6},"end":{"line":15,"column":6}},{"start":{"line":15,"column":6},"end":{"line":15,"column":6}}]}}},"/Users/adrian/code/meanshop/server/auth/local/index.js":{"path":"/Users/adrian/code/meanshop/server/auth/local/index.js","s":{"1":1,"2":1,"3":1,"4":1,"5":1,"6":0,"7":0,"8":0,"9":0,"10":0,"11":0,"12":0,"13":0,"14":1},"b":{"1":[0,0],"2":[0,0],"3":[0,0]},"f":{"1":0,"2":0},"fnMap":{"1":{"name":"(anonymous_1)","line":9,"loc":{"start":{"line":9,"column":17},"end":{"line":9,"column":43}}},"2":{"name":"(anonymous_2)","line":10,"loc":{"start":{"line":10,"column":33},"end":{"line":10,"column":60}}}},"statementMap":{"1":{"start":{"line":3,"column":0},"end":{"line":3,"column":33}},"2":{"start":{"line":4,"column":0},"end":{"line":4,"column":35}},"3":{"start":{"line":5,"column":0},"end":{"line":5,"column":38}},"4":{"start":{"line":7,"column":0},"end":{"line":7,"column":30}},"5":{"start":{"line":9,"column":0},"end":{"line":22,"column":3}},"6":{"start":{"line":10,"column":2},"end":{"line":21,"column":21}},"7":{"start":{"line":11,"column":4},"end":{"line":11,"column":28}},"8":{"start":{"line":12,"column":4},"end":{"line":14,"column":5}},"9":{"start":{"line":13,"column":6},"end":{"line":13,"column":41}},"10":{"start":{"line":15,"column":4},"end":{"line":17,"column":5}},"11":{"start":{"line":16,"column":6},"end":{"line":16,"column":90}},"12":{"start":{"line":19,"column":4},"end":{"line":19,"column":52}},"13":{"start":{"line":20,"column":4},"end":{"line":20,"column":31}},"14":{"start":{"line":24,"column":0},"end":{"line":24,"column":24}}},"branchMap":{"1":{"line":11,"type":"binary-expr","locations":[{"start":{"line":11,"column":16},"end":{"line":11,"column":19}},{"start":{"line":11,"column":23},"end":{"line":11,"column":27}}]},"2":{"line":12,"type":"if","locations":[{"start":{"line":12,"column":4},"end":{"line":12,"column":4}},{"start":{"line":12,"column":4},"end":{"line":12,"column":4}}]},"3":{"line":15,"type":"if","locations":[{"start":{"line":15,"column":4},"end":{"line":15,"column":4}},{"start":{"line":15,"column":4},"end":{"line":15,"column":4}}]}}},"/Users/adrian/code/meanshop/server/auth/facebook/index.js":{"path":"/Users/adrian/code/meanshop/server/auth/facebook/index.js","s":{"1":1,"2":1,"3":1,"4":1,"5":1,"6":1},"b":{},"f":{},"fnMap":{},"statementMap":{"1":{"start":{"line":3,"column":0},"end":{"line":3,"column":33}},"2":{"start":{"line":4,"column":0},"end":{"line":4,"column":35}},"3":{"start":{"line":5,"column":0},"end":{"line":5,"column":38}},"4":{"start":{"line":7,"column":0},"end":{"line":7,"column":30}},"5":{"start":{"line":9,"column":0},"end":{"line":16,"column":25}},"6":{"start":{"line":18,"column":0},"end":{"line":18,"column":24}}},"branchMap":{}},"/Users/adrian/code/meanshop/server/auth/twitter/index.js":{"path":"/Users/adrian/code/meanshop/server/auth/twitter/index.js","s":{"1":1,"2":1,"3":1,"4":1,"5":1,"6":1},"b":{},"f":{},"fnMap":{},"statementMap":{"1":{"start":{"line":3,"column":0},"end":{"line":3,"column":33}},"2":{"start":{"line":4,"column":0},"end":{"line":4,"column":35}},"3":{"start":{"line":5,"column":0},"end":{"line":5,"column":38}},"4":{"start":{"line":7,"column":0},"end":{"line":7,"column":30}},"5":{"start":{"line":9,"column":0},"end":{"line":15,"column":25}},"6":{"start":{"line":17,"column":0},"end":{"line":17,"column":24}}},"branchMap":{}},"/Users/adrian/code/meanshop/server/auth/google/index.js":{"path":"/Users/adrian/code/meanshop/server/auth/google/index.js","s":{"1":1,"2":1,"3":1,"4":1,"5":1,"6":1},"b":{},"f":{},"fnMap":{},"statementMap":{"1":{"start":{"line":3,"column":0},"end":{"line":3,"column":33}},"2":{"start":{"line":4,"column":0},"end":{"line":4,"column":35}},"3":{"start":{"line":5,"column":0},"end":{"line":5,"column":38}},"4":{"start":{"line":7,"column":0},"end":{"line":7,"column":30}},"5":{"start":{"line":9,"column":0},"end":{"line":16,"column":25}},"6":{"start":{"line":18,"column":0},"end":{"line":18,"column":24}}},"branchMap":{}}}